{"/home/ri-dev/Desktop/flipcart/server/Backend-Integrate/src/controller/cartController.js": {"path":"/home/ri-dev/Desktop/flipcart/server/Backend-Integrate/src/controller/cartController.js","statementMap":{"0":{"start":{"line":1,"column":21},"end":{"line":1,"column":53}},"1":{"start":{"line":2,"column":18},"end":{"line":2,"column":47}},"2":{"start":{"line":3,"column":35},"end":{"line":3,"column":69}},"3":{"start":{"line":4,"column":22},"end":{"line":4,"column":52}},"4":{"start":{"line":6,"column":25},"end":{"line":13,"column":1}},"5":{"start":{"line":7,"column":17},"end":{"line":7,"column":52}},"6":{"start":{"line":8,"column":2},"end":{"line":11,"column":3}},"7":{"start":{"line":9,"column":20},"end":{"line":9,"column":95}},"8":{"start":{"line":10,"column":4},"end":{"line":10,"column":19}},"9":{"start":{"line":12,"column":2},"end":{"line":12,"column":18}},"10":{"start":{"line":15,"column":23},"end":{"line":26,"column":1}},"11":{"start":{"line":16,"column":16},"end":{"line":16,"column":21}},"12":{"start":{"line":17,"column":2},"end":{"line":22,"column":5}},"13":{"start":{"line":18,"column":4},"end":{"line":21,"column":5}},"14":{"start":{"line":19,"column":6},"end":{"line":19,"column":21}},"15":{"start":{"line":20,"column":6},"end":{"line":20,"column":32}},"16":{"start":{"line":23,"column":2},"end":{"line":25,"column":3}},"17":{"start":{"line":24,"column":4},"end":{"line":24,"column":45}},"18":{"start":{"line":28,"column":27},"end":{"line":31,"column":1}},"19":{"start":{"line":29,"column":2},"end":{"line":29,"column":30}},"20":{"start":{"line":30,"column":2},"end":{"line":30,"column":45}},"21":{"start":{"line":33,"column":19},"end":{"line":68,"column":1}},"22":{"start":{"line":34,"column":2},"end":{"line":67,"column":3}},"23":{"start":{"line":35,"column":19},"end":{"line":35,"column":34}},"24":{"start":{"line":36,"column":17},"end":{"line":36,"column":25}},"25":{"start":{"line":38,"column":4},"end":{"line":40,"column":5}},"26":{"start":{"line":39,"column":6},"end":{"line":39,"column":93}},"27":{"start":{"line":42,"column":26},"end":{"line":42,"column":30}},"28":{"start":{"line":44,"column":4},"end":{"line":46,"column":5}},"29":{"start":{"line":45,"column":6},"end":{"line":45,"column":99}},"30":{"start":{"line":48,"column":20},"end":{"line":48,"column":58}},"31":{"start":{"line":50,"column":4},"end":{"line":52,"column":5}},"32":{"start":{"line":51,"column":6},"end":{"line":51,"column":112}},"33":{"start":{"line":54,"column":19},"end":{"line":54,"column":60}},"34":{"start":{"line":56,"column":21},"end":{"line":56,"column":22}},"35":{"start":{"line":57,"column":4},"end":{"line":57,"column":65}},"36":{"start":{"line":58,"column":4},"end":{"line":58,"column":58}},"37":{"start":{"line":60,"column":24},"end":{"line":62,"column":34}},"38":{"start":{"line":64,"column":4},"end":{"line":64,"column":105}},"39":{"start":{"line":66,"column":4},"end":{"line":66,"column":71}},"40":{"start":{"line":70,"column":23},"end":{"line":85,"column":1}},"41":{"start":{"line":71,"column":2},"end":{"line":84,"column":3}},"42":{"start":{"line":72,"column":17},"end":{"line":72,"column":32}},"43":{"start":{"line":75,"column":19},"end":{"line":77,"column":34}},"44":{"start":{"line":79,"column":4},"end":{"line":81,"column":66}},"45":{"start":{"line":83,"column":4},"end":{"line":83,"column":73}},"46":{"start":{"line":87,"column":19},"end":{"line":145,"column":1}},"47":{"start":{"line":88,"column":2},"end":{"line":144,"column":3}},"48":{"start":{"line":89,"column":19},"end":{"line":89,"column":34}},"49":{"start":{"line":90,"column":36},"end":{"line":90,"column":44}},"50":{"start":{"line":92,"column":4},"end":{"line":94,"column":5}},"51":{"start":{"line":93,"column":6},"end":{"line":93,"column":81}},"52":{"start":{"line":96,"column":4},"end":{"line":98,"column":5}},"53":{"start":{"line":97,"column":6},"end":{"line":97,"column":90}},"54":{"start":{"line":100,"column":20},"end":{"line":100,"column":62}},"55":{"start":{"line":102,"column":4},"end":{"line":104,"column":5}},"56":{"start":{"line":103,"column":6},"end":{"line":103,"column":97}},"57":{"start":{"line":106,"column":4},"end":{"line":111,"column":5}},"58":{"start":{"line":107,"column":6},"end":{"line":110,"column":9}},"59":{"start":{"line":113,"column":19},"end":{"line":113,"column":54}},"60":{"start":{"line":114,"column":20},"end":{"line":114,"column":110}},"61":{"start":{"line":114,"column":55},"end":{"line":114,"column":109}},"62":{"start":{"line":116,"column":4},"end":{"line":121,"column":5}},"63":{"start":{"line":117,"column":6},"end":{"line":120,"column":9}},"64":{"start":{"line":123,"column":21},"end":{"line":123,"column":46}},"65":{"start":{"line":124,"column":22},"end":{"line":124,"column":118}},"66":{"start":{"line":126,"column":4},"end":{"line":135,"column":5}},"67":{"start":{"line":127,"column":6},"end":{"line":127,"column":45}},"68":{"start":{"line":128,"column":6},"end":{"line":128,"column":50}},"69":{"start":{"line":129,"column":6},"end":{"line":129,"column":66}},"70":{"start":{"line":132,"column":6},"end":{"line":132,"column":61}},"71":{"start":{"line":133,"column":6},"end":{"line":133,"column":95}},"72":{"start":{"line":134,"column":6},"end":{"line":134,"column":35}},"73":{"start":{"line":137,"column":17},"end":{"line":139,"column":34}},"74":{"start":{"line":141,"column":4},"end":{"line":141,"column":87}},"75":{"start":{"line":143,"column":4},"end":{"line":143,"column":73}},"76":{"start":{"line":147,"column":26},"end":{"line":151,"column":1}},"77":{"start":{"line":148,"column":2},"end":{"line":150,"column":4}},"78":{"start":{"line":149,"column":14},"end":{"line":149,"column":49}},"79":{"start":{"line":153,"column":18},"end":{"line":160,"column":1}},"80":{"start":{"line":154,"column":2},"end":{"line":159,"column":5}},"81":{"start":{"line":162,"column":20},"end":{"line":185,"column":1}},"82":{"start":{"line":163,"column":19},"end":{"line":163,"column":20}},"83":{"start":{"line":164,"column":19},"end":{"line":164,"column":20}},"84":{"start":{"line":166,"column":2},"end":{"line":174,"column":5}},"85":{"start":{"line":167,"column":26},"end":{"line":167,"column":78}},"86":{"start":{"line":169,"column":4},"end":{"line":173,"column":5}},"87":{"start":{"line":170,"column":6},"end":{"line":170,"column":65}},"88":{"start":{"line":172,"column":6},"end":{"line":172,"column":35}},"89":{"start":{"line":176,"column":2},"end":{"line":179,"column":5}},"90":{"start":{"line":177,"column":4},"end":{"line":177,"column":32}},"91":{"start":{"line":178,"column":4},"end":{"line":178,"column":55}},"92":{"start":{"line":181,"column":2},"end":{"line":181,"column":35}},"93":{"start":{"line":182,"column":2},"end":{"line":182,"column":35}},"94":{"start":{"line":184,"column":2},"end":{"line":184,"column":25}},"95":{"start":{"line":187,"column":34},"end":{"line":207,"column":1}},"96":{"start":{"line":188,"column":2},"end":{"line":206,"column":3}},"97":{"start":{"line":189,"column":19},"end":{"line":189,"column":30}},"98":{"start":{"line":190,"column":18},"end":{"line":190,"column":37}},"99":{"start":{"line":192,"column":19},"end":{"line":192,"column":82}},"100":{"start":{"line":194,"column":4},"end":{"line":203,"column":5}},"101":{"start":{"line":195,"column":22},"end":{"line":195,"column":52}},"102":{"start":{"line":196,"column":6},"end":{"line":198,"column":79}},"103":{"start":{"line":200,"column":6},"end":{"line":200,"column":41}},"104":{"start":{"line":202,"column":6},"end":{"line":202,"column":54}},"105":{"start":{"line":205,"column":4},"end":{"line":205,"column":73}},"106":{"start":{"line":209,"column":0},"end":{"line":220,"column":2}}},"fnMap":{"0":{"name":"(anonymous_0)","decl":{"start":{"line":6,"column":25},"end":{"line":6,"column":26}},"loc":{"start":{"line":6,"column":54},"end":{"line":13,"column":1}},"line":6},"1":{"name":"(anonymous_1)","decl":{"start":{"line":15,"column":23},"end":{"line":15,"column":24}},"loc":{"start":{"line":15,"column":68},"end":{"line":26,"column":1}},"line":15},"2":{"name":"(anonymous_2)","decl":{"start":{"line":17,"column":21},"end":{"line":17,"column":22}},"loc":{"start":{"line":17,"column":31},"end":{"line":22,"column":3}},"line":17},"3":{"name":"(anonymous_3)","decl":{"start":{"line":28,"column":27},"end":{"line":28,"column":28}},"loc":{"start":{"line":28,"column":61},"end":{"line":31,"column":1}},"line":28},"4":{"name":"(anonymous_4)","decl":{"start":{"line":33,"column":19},"end":{"line":33,"column":20}},"loc":{"start":{"line":33,"column":64},"end":{"line":68,"column":1}},"line":33},"5":{"name":"(anonymous_5)","decl":{"start":{"line":70,"column":23},"end":{"line":70,"column":24}},"loc":{"start":{"line":70,"column":49},"end":{"line":85,"column":1}},"line":70},"6":{"name":"(anonymous_6)","decl":{"start":{"line":87,"column":19},"end":{"line":87,"column":20}},"loc":{"start":{"line":87,"column":64},"end":{"line":145,"column":1}},"line":87},"7":{"name":"(anonymous_7)","decl":{"start":{"line":114,"column":45},"end":{"line":114,"column":46}},"loc":{"start":{"line":114,"column":55},"end":{"line":114,"column":109}},"line":114},"8":{"name":"(anonymous_8)","decl":{"start":{"line":147,"column":26},"end":{"line":147,"column":27}},"loc":{"start":{"line":147,"column":52},"end":{"line":151,"column":1}},"line":147},"9":{"name":"(anonymous_9)","decl":{"start":{"line":149,"column":4},"end":{"line":149,"column":5}},"loc":{"start":{"line":149,"column":14},"end":{"line":149,"column":49}},"line":149},"10":{"name":"(anonymous_10)","decl":{"start":{"line":153,"column":18},"end":{"line":153,"column":19}},"loc":{"start":{"line":153,"column":43},"end":{"line":160,"column":1}},"line":153},"11":{"name":"(anonymous_11)","decl":{"start":{"line":162,"column":20},"end":{"line":162,"column":21}},"loc":{"start":{"line":162,"column":41},"end":{"line":185,"column":1}},"line":162},"12":{"name":"(anonymous_12)","decl":{"start":{"line":166,"column":16},"end":{"line":166,"column":17}},"loc":{"start":{"line":166,"column":29},"end":{"line":174,"column":3}},"line":166},"13":{"name":"(anonymous_13)","decl":{"start":{"line":176,"column":25},"end":{"line":176,"column":26}},"loc":{"start":{"line":176,"column":35},"end":{"line":179,"column":3}},"line":176},"14":{"name":"(anonymous_14)","decl":{"start":{"line":187,"column":34},"end":{"line":187,"column":35}},"loc":{"start":{"line":187,"column":54},"end":{"line":207,"column":1}},"line":187}},"branchMap":{"0":{"loc":{"start":{"line":8,"column":2},"end":{"line":11,"column":3}},"type":"if","locations":[{"start":{"line":8,"column":2},"end":{"line":11,"column":3}},{"start":{},"end":{}}],"line":8},"1":{"loc":{"start":{"line":18,"column":4},"end":{"line":21,"column":5}},"type":"if","locations":[{"start":{"line":18,"column":4},"end":{"line":21,"column":5}},{"start":{},"end":{}}],"line":18},"2":{"loc":{"start":{"line":23,"column":2},"end":{"line":25,"column":3}},"type":"if","locations":[{"start":{"line":23,"column":2},"end":{"line":25,"column":3}},{"start":{},"end":{}}],"line":23},"3":{"loc":{"start":{"line":38,"column":4},"end":{"line":40,"column":5}},"type":"if","locations":[{"start":{"line":38,"column":4},"end":{"line":40,"column":5}},{"start":{},"end":{}}],"line":38},"4":{"loc":{"start":{"line":44,"column":4},"end":{"line":46,"column":5}},"type":"if","locations":[{"start":{"line":44,"column":4},"end":{"line":46,"column":5}},{"start":{},"end":{}}],"line":44},"5":{"loc":{"start":{"line":50,"column":4},"end":{"line":52,"column":5}},"type":"if","locations":[{"start":{"line":50,"column":4},"end":{"line":52,"column":5}},{"start":{},"end":{}}],"line":50},"6":{"loc":{"start":{"line":92,"column":4},"end":{"line":94,"column":5}},"type":"if","locations":[{"start":{"line":92,"column":4},"end":{"line":94,"column":5}},{"start":{},"end":{}}],"line":92},"7":{"loc":{"start":{"line":96,"column":4},"end":{"line":98,"column":5}},"type":"if","locations":[{"start":{"line":96,"column":4},"end":{"line":98,"column":5}},{"start":{},"end":{}}],"line":96},"8":{"loc":{"start":{"line":102,"column":4},"end":{"line":104,"column":5}},"type":"if","locations":[{"start":{"line":102,"column":4},"end":{"line":104,"column":5}},{"start":{},"end":{}}],"line":102},"9":{"loc":{"start":{"line":106,"column":4},"end":{"line":111,"column":5}},"type":"if","locations":[{"start":{"line":106,"column":4},"end":{"line":111,"column":5}},{"start":{},"end":{}}],"line":106},"10":{"loc":{"start":{"line":116,"column":4},"end":{"line":121,"column":5}},"type":"if","locations":[{"start":{"line":116,"column":4},"end":{"line":121,"column":5}},{"start":{},"end":{}}],"line":116},"11":{"loc":{"start":{"line":126,"column":4},"end":{"line":135,"column":5}},"type":"if","locations":[{"start":{"line":126,"column":4},"end":{"line":135,"column":5}},{"start":{"line":131,"column":11},"end":{"line":135,"column":5}}],"line":126},"12":{"loc":{"start":{"line":169,"column":4},"end":{"line":173,"column":5}},"type":"if","locations":[{"start":{"line":169,"column":4},"end":{"line":173,"column":5}},{"start":{"line":171,"column":11},"end":{"line":173,"column":5}}],"line":169},"13":{"loc":{"start":{"line":194,"column":4},"end":{"line":203,"column":5}},"type":"if","locations":[{"start":{"line":194,"column":4},"end":{"line":203,"column":5}},{"start":{"line":199,"column":11},"end":{"line":203,"column":5}}],"line":194}},"s":{"0":4,"1":4,"2":4,"3":4,"4":4,"5":3,"6":2,"7":1,"8":1,"9":1,"10":4,"11":2,"12":2,"13":3,"14":1,"15":1,"16":2,"17":1,"18":4,"19":3,"20":3,"21":4,"22":2,"23":2,"24":2,"25":2,"26":0,"27":2,"28":2,"29":0,"30":2,"31":2,"32":2,"33":0,"34":0,"35":0,"36":0,"37":0,"38":0,"39":0,"40":4,"41":4,"42":4,"43":4,"44":0,"45":4,"46":4,"47":8,"48":8,"49":8,"50":8,"51":4,"52":4,"53":0,"54":4,"55":4,"56":2,"57":2,"58":1,"59":1,"60":1,"61":1,"62":1,"63":0,"64":1,"65":1,"66":1,"67":0,"68":0,"69":0,"70":1,"71":1,"72":1,"73":1,"74":0,"75":1,"76":4,"77":3,"78":5,"79":4,"80":1,"81":4,"82":1,"83":1,"84":1,"85":1,"86":1,"87":1,"88":0,"89":1,"90":1,"91":1,"92":1,"93":1,"94":1,"95":4,"96":0,"97":0,"98":0,"99":0,"100":0,"101":0,"102":0,"103":0,"104":0,"105":0,"106":4},"f":{"0":3,"1":2,"2":3,"3":3,"4":2,"5":4,"6":8,"7":1,"8":3,"9":5,"10":1,"11":1,"12":1,"13":1,"14":0},"b":{"0":[1,1],"1":[1,2],"2":[1,1],"3":[0,2],"4":[0,2],"5":[2,0],"6":[4,4],"7":[0,4],"8":[2,2],"9":[1,1],"10":[0,1],"11":[0,1],"12":[1,0],"13":[0,0]},"_coverageSchema":"1a1c01bbd47fc00a2c39e90264f33305004495a9","hash":"935ae72e96cfcf4d8e9b590107b4ff6725610497"}
,"/home/ri-dev/Desktop/flipcart/server/Backend-Integrate/src/controller/orderController.js": {"path":"/home/ri-dev/Desktop/flipcart/server/Backend-Integrate/src/controller/orderController.js","statementMap":{"0":{"start":{"line":1,"column":30},"end":{"line":1,"column":49}},"1":{"start":{"line":2,"column":18},"end":{"line":2,"column":47}},"2":{"start":{"line":3,"column":19},"end":{"line":3,"column":49}},"3":{"start":{"line":4,"column":21},"end":{"line":4,"column":53}},"4":{"start":{"line":5,"column":15},"end":{"line":5,"column":32}},"5":{"start":{"line":6,"column":18},"end":{"line":6,"column":47}},"6":{"start":{"line":7,"column":17},"end":{"line":7,"column":40}},"7":{"start":{"line":8,"column":24},"end":{"line":8,"column":58}},"8":{"start":{"line":8,"column":32},"end":{"line":8,"column":58}},"9":{"start":{"line":9,"column":18},"end":{"line":9,"column":37}},"10":{"start":{"line":10,"column":22},"end":{"line":12,"column":1}},"11":{"start":{"line":11,"column":2},"end":{"line":11,"column":51}},"12":{"start":{"line":15,"column":20},"end":{"line":113,"column":1}},"13":{"start":{"line":16,"column":2},"end":{"line":112,"column":3}},"14":{"start":{"line":17,"column":54},"end":{"line":17,"column":68}},"15":{"start":{"line":18,"column":81},"end":{"line":18,"column":94}},"16":{"start":{"line":20,"column":24},"end":{"line":20,"column":29}},"17":{"start":{"line":22,"column":4},"end":{"line":24,"column":5}},"18":{"start":{"line":23,"column":6},"end":{"line":23,"column":27}},"19":{"start":{"line":26,"column":4},"end":{"line":109,"column":5}},"20":{"start":{"line":27,"column":17},"end":{"line":27,"column":51}},"21":{"start":{"line":29,"column":6},"end":{"line":31,"column":7}},"22":{"start":{"line":30,"column":8},"end":{"line":30,"column":101}},"23":{"start":{"line":33,"column":27},"end":{"line":51,"column":7}},"24":{"start":{"line":53,"column":17},"end":{"line":53,"column":48}},"25":{"start":{"line":55,"column":20},"end":{"line":55,"column":82}},"26":{"start":{"line":56,"column":6},"end":{"line":56,"column":40}},"27":{"start":{"line":58,"column":18},"end":{"line":58,"column":55}},"28":{"start":{"line":60,"column":6},"end":{"line":60,"column":39}},"29":{"start":{"line":62,"column":6},"end":{"line":62,"column":84}},"30":{"start":{"line":64,"column":23},"end":{"line":64,"column":95}},"31":{"start":{"line":66,"column":6},"end":{"line":68,"column":7}},"32":{"start":{"line":67,"column":8},"end":{"line":67,"column":87}},"33":{"start":{"line":70,"column":6},"end":{"line":72,"column":7}},"34":{"start":{"line":71,"column":8},"end":{"line":71,"column":115}},"35":{"start":{"line":74,"column":21},"end":{"line":74,"column":72}},"36":{"start":{"line":74,"column":41},"end":{"line":74,"column":71}},"37":{"start":{"line":75,"column":6},"end":{"line":77,"column":7}},"38":{"start":{"line":76,"column":8},"end":{"line":76,"column":113}},"39":{"start":{"line":79,"column":18},"end":{"line":95,"column":7}},"40":{"start":{"line":98,"column":24},"end":{"line":98,"column":54}},"41":{"start":{"line":99,"column":6},"end":{"line":99,"column":39}},"42":{"start":{"line":102,"column":6},"end":{"line":106,"column":8}},"43":{"start":{"line":108,"column":6},"end":{"line":108,"column":109}},"44":{"start":{"line":111,"column":4},"end":{"line":111,"column":58}},"45":{"start":{"line":115,"column":28},"end":{"line":123,"column":1}},"46":{"start":{"line":116,"column":2},"end":{"line":122,"column":3}},"47":{"start":{"line":117,"column":4},"end":{"line":121,"column":6}},"48":{"start":{"line":125,"column":17},"end":{"line":144,"column":1}},"49":{"start":{"line":126,"column":2},"end":{"line":143,"column":3}},"50":{"start":{"line":127,"column":17},"end":{"line":127,"column":32}},"51":{"start":{"line":129,"column":20},"end":{"line":131,"column":34}},"52":{"start":{"line":133,"column":4},"end":{"line":136,"column":77}},"53":{"start":{"line":134,"column":6},"end":{"line":136,"column":77}},"54":{"start":{"line":138,"column":4},"end":{"line":140,"column":67}},"55":{"start":{"line":142,"column":4},"end":{"line":142,"column":71}},"56":{"start":{"line":145,"column":21},"end":{"line":164,"column":1}},"57":{"start":{"line":146,"column":2},"end":{"line":163,"column":3}},"58":{"start":{"line":148,"column":18},"end":{"line":148,"column":36}},"59":{"start":{"line":149,"column":16},"end":{"line":154,"column":34}},"60":{"start":{"line":155,"column":4},"end":{"line":159,"column":5}},"61":{"start":{"line":156,"column":6},"end":{"line":158,"column":78}},"62":{"start":{"line":160,"column":4},"end":{"line":160,"column":83}},"63":{"start":{"line":162,"column":4},"end":{"line":162,"column":58}},"64":{"start":{"line":166,"column":20},"end":{"line":212,"column":1}},"65":{"start":{"line":167,"column":2},"end":{"line":211,"column":3}},"66":{"start":{"line":168,"column":18},"end":{"line":168,"column":36}},"67":{"start":{"line":169,"column":17},"end":{"line":169,"column":32}},"68":{"start":{"line":170,"column":4},"end":{"line":174,"column":5}},"69":{"start":{"line":171,"column":6},"end":{"line":173,"column":68}},"70":{"start":{"line":175,"column":4},"end":{"line":177,"column":5}},"71":{"start":{"line":176,"column":6},"end":{"line":176,"column":80}},"72":{"start":{"line":178,"column":20},"end":{"line":180,"column":34}},"73":{"start":{"line":182,"column":4},"end":{"line":187,"column":5}},"74":{"start":{"line":183,"column":6},"end":{"line":186,"column":9}},"75":{"start":{"line":188,"column":4},"end":{"line":192,"column":5}},"76":{"start":{"line":189,"column":6},"end":{"line":191,"column":68}},"77":{"start":{"line":193,"column":4},"end":{"line":199,"column":7}},"78":{"start":{"line":194,"column":6},"end":{"line":198,"column":8}},"79":{"start":{"line":200,"column":18},"end":{"line":205,"column":33}},"80":{"start":{"line":206,"column":4},"end":{"line":208,"column":62}},"81":{"start":{"line":210,"column":4},"end":{"line":210,"column":58}},"82":{"start":{"line":213,"column":23},"end":{"line":236,"column":1}},"83":{"start":{"line":214,"column":2},"end":{"line":235,"column":3}},"84":{"start":{"line":215,"column":18},"end":{"line":215,"column":36}},"85":{"start":{"line":216,"column":4},"end":{"line":220,"column":5}},"86":{"start":{"line":217,"column":6},"end":{"line":219,"column":74}},"87":{"start":{"line":221,"column":16},"end":{"line":223,"column":34}},"88":{"start":{"line":225,"column":4},"end":{"line":229,"column":5}},"89":{"start":{"line":226,"column":6},"end":{"line":228,"column":78}},"90":{"start":{"line":230,"column":4},"end":{"line":232,"column":62}},"91":{"start":{"line":234,"column":4},"end":{"line":234,"column":58}},"92":{"start":{"line":238,"column":22},"end":{"line":240,"column":1}},"93":{"start":{"line":239,"column":2},"end":{"line":239,"column":38}},"94":{"start":{"line":241,"column":25},"end":{"line":243,"column":1}},"95":{"start":{"line":242,"column":2},"end":{"line":242,"column":57}},"96":{"start":{"line":244,"column":29},"end":{"line":315,"column":1}},"97":{"start":{"line":245,"column":2},"end":{"line":314,"column":3}},"98":{"start":{"line":246,"column":26},"end":{"line":246,"column":34}},"99":{"start":{"line":247,"column":20},"end":{"line":247,"column":38}},"100":{"start":{"line":248,"column":19},"end":{"line":248,"column":34}},"101":{"start":{"line":250,"column":4},"end":{"line":252,"column":5}},"102":{"start":{"line":251,"column":6},"end":{"line":251,"column":72}},"103":{"start":{"line":254,"column":22},"end":{"line":254,"column":62}},"104":{"start":{"line":256,"column":4},"end":{"line":258,"column":5}},"105":{"start":{"line":257,"column":6},"end":{"line":257,"column":72}},"106":{"start":{"line":260,"column":4},"end":{"line":262,"column":5}},"107":{"start":{"line":261,"column":6},"end":{"line":261,"column":98}},"108":{"start":{"line":264,"column":4},"end":{"line":266,"column":5}},"109":{"start":{"line":265,"column":6},"end":{"line":265,"column":67}},"110":{"start":{"line":268,"column":20},"end":{"line":268,"column":58}},"111":{"start":{"line":270,"column":4},"end":{"line":272,"column":5}},"112":{"start":{"line":271,"column":6},"end":{"line":271,"column":61}},"113":{"start":{"line":274,"column":4},"end":{"line":276,"column":5}},"114":{"start":{"line":275,"column":6},"end":{"line":275,"column":71}},"115":{"start":{"line":278,"column":19},"end":{"line":278,"column":20}},"116":{"start":{"line":279,"column":4},"end":{"line":284,"column":7}},"117":{"start":{"line":280,"column":6},"end":{"line":283,"column":7}},"118":{"start":{"line":281,"column":8},"end":{"line":281,"column":30}},"119":{"start":{"line":282,"column":8},"end":{"line":282,"column":26}},"120":{"start":{"line":286,"column":4},"end":{"line":286,"column":30}},"121":{"start":{"line":287,"column":4},"end":{"line":287,"column":25}},"122":{"start":{"line":289,"column":24},"end":{"line":293,"column":5}},"123":{"start":{"line":295,"column":25},"end":{"line":299,"column":5}},"124":{"start":{"line":301,"column":4},"end":{"line":303,"column":5}},"125":{"start":{"line":302,"column":6},"end":{"line":302,"column":39}},"126":{"start":{"line":305,"column":25},"end":{"line":309,"column":33}},"127":{"start":{"line":311,"column":4},"end":{"line":311,"column":79}},"128":{"start":{"line":313,"column":4},"end":{"line":313,"column":62}},"129":{"start":{"line":319,"column":0},"end":{"line":329,"column":2}}},"fnMap":{"0":{"name":"(anonymous_0)","decl":{"start":{"line":8,"column":24},"end":{"line":8,"column":25}},"loc":{"start":{"line":8,"column":32},"end":{"line":8,"column":58}},"line":8},"1":{"name":"(anonymous_1)","decl":{"start":{"line":10,"column":22},"end":{"line":10,"column":23}},"loc":{"start":{"line":10,"column":42},"end":{"line":12,"column":1}},"line":10},"2":{"name":"(anonymous_2)","decl":{"start":{"line":15,"column":20},"end":{"line":15,"column":21}},"loc":{"start":{"line":15,"column":40},"end":{"line":113,"column":1}},"line":15},"3":{"name":"(anonymous_3)","decl":{"start":{"line":74,"column":34},"end":{"line":74,"column":35}},"loc":{"start":{"line":74,"column":41},"end":{"line":74,"column":71}},"line":74},"4":{"name":"(anonymous_4)","decl":{"start":{"line":115,"column":28},"end":{"line":115,"column":29}},"loc":{"start":{"line":115,"column":45},"end":{"line":123,"column":1}},"line":115},"5":{"name":"(anonymous_5)","decl":{"start":{"line":125,"column":17},"end":{"line":125,"column":18}},"loc":{"start":{"line":125,"column":43},"end":{"line":144,"column":1}},"line":125},"6":{"name":"(anonymous_6)","decl":{"start":{"line":145,"column":21},"end":{"line":145,"column":22}},"loc":{"start":{"line":145,"column":41},"end":{"line":164,"column":1}},"line":145},"7":{"name":"(anonymous_7)","decl":{"start":{"line":166,"column":20},"end":{"line":166,"column":21}},"loc":{"start":{"line":166,"column":40},"end":{"line":212,"column":1}},"line":166},"8":{"name":"(anonymous_8)","decl":{"start":{"line":193,"column":28},"end":{"line":193,"column":29}},"loc":{"start":{"line":193,"column":47},"end":{"line":199,"column":5}},"line":193},"9":{"name":"(anonymous_9)","decl":{"start":{"line":213,"column":23},"end":{"line":213,"column":24}},"loc":{"start":{"line":213,"column":43},"end":{"line":236,"column":1}},"line":213},"10":{"name":"(anonymous_10)","decl":{"start":{"line":238,"column":22},"end":{"line":238,"column":23}},"loc":{"start":{"line":238,"column":53},"end":{"line":240,"column":1}},"line":238},"11":{"name":"(anonymous_11)","decl":{"start":{"line":241,"column":25},"end":{"line":241,"column":26}},"loc":{"start":{"line":241,"column":48},"end":{"line":243,"column":1}},"line":241},"12":{"name":"(anonymous_12)","decl":{"start":{"line":244,"column":29},"end":{"line":244,"column":30}},"loc":{"start":{"line":244,"column":92},"end":{"line":315,"column":1}},"line":244},"13":{"name":"(anonymous_13)","decl":{"start":{"line":279,"column":28},"end":{"line":279,"column":29}},"loc":{"start":{"line":279,"column":35},"end":{"line":284,"column":5}},"line":279}},"branchMap":{"0":{"loc":{"start":{"line":22,"column":4},"end":{"line":24,"column":5}},"type":"if","locations":[{"start":{"line":22,"column":4},"end":{"line":24,"column":5}},{"start":{},"end":{}}],"line":22},"1":{"loc":{"start":{"line":22,"column":8},"end":{"line":22,"column":29}},"type":"binary-expr","locations":[{"start":{"line":22,"column":8},"end":{"line":22,"column":13}},{"start":{"line":22,"column":17},"end":{"line":22,"column":29}}],"line":22},"2":{"loc":{"start":{"line":26,"column":4},"end":{"line":109,"column":5}},"type":"if","locations":[{"start":{"line":26,"column":4},"end":{"line":109,"column":5}},{"start":{"line":63,"column":11},"end":{"line":109,"column":5}}],"line":26},"3":{"loc":{"start":{"line":29,"column":6},"end":{"line":31,"column":7}},"type":"if","locations":[{"start":{"line":29,"column":6},"end":{"line":31,"column":7}},{"start":{},"end":{}}],"line":29},"4":{"loc":{"start":{"line":66,"column":6},"end":{"line":68,"column":7}},"type":"if","locations":[{"start":{"line":66,"column":6},"end":{"line":68,"column":7}},{"start":{},"end":{}}],"line":66},"5":{"loc":{"start":{"line":70,"column":6},"end":{"line":72,"column":7}},"type":"if","locations":[{"start":{"line":70,"column":6},"end":{"line":72,"column":7}},{"start":{},"end":{}}],"line":70},"6":{"loc":{"start":{"line":75,"column":6},"end":{"line":77,"column":7}},"type":"if","locations":[{"start":{"line":75,"column":6},"end":{"line":77,"column":7}},{"start":{},"end":{}}],"line":75},"7":{"loc":{"start":{"line":133,"column":4},"end":{"line":136,"column":77}},"type":"if","locations":[{"start":{"line":133,"column":4},"end":{"line":136,"column":77}},{"start":{},"end":{}}],"line":133},"8":{"loc":{"start":{"line":155,"column":4},"end":{"line":159,"column":5}},"type":"if","locations":[{"start":{"line":155,"column":4},"end":{"line":159,"column":5}},{"start":{},"end":{}}],"line":155},"9":{"loc":{"start":{"line":170,"column":4},"end":{"line":174,"column":5}},"type":"if","locations":[{"start":{"line":170,"column":4},"end":{"line":174,"column":5}},{"start":{},"end":{}}],"line":170},"10":{"loc":{"start":{"line":175,"column":4},"end":{"line":177,"column":5}},"type":"if","locations":[{"start":{"line":175,"column":4},"end":{"line":177,"column":5}},{"start":{},"end":{}}],"line":175},"11":{"loc":{"start":{"line":182,"column":4},"end":{"line":187,"column":5}},"type":"if","locations":[{"start":{"line":182,"column":4},"end":{"line":187,"column":5}},{"start":{},"end":{}}],"line":182},"12":{"loc":{"start":{"line":188,"column":4},"end":{"line":192,"column":5}},"type":"if","locations":[{"start":{"line":188,"column":4},"end":{"line":192,"column":5}},{"start":{},"end":{}}],"line":188},"13":{"loc":{"start":{"line":216,"column":4},"end":{"line":220,"column":5}},"type":"if","locations":[{"start":{"line":216,"column":4},"end":{"line":220,"column":5}},{"start":{},"end":{}}],"line":216},"14":{"loc":{"start":{"line":225,"column":4},"end":{"line":229,"column":5}},"type":"if","locations":[{"start":{"line":225,"column":4},"end":{"line":229,"column":5}},{"start":{},"end":{}}],"line":225},"15":{"loc":{"start":{"line":250,"column":4},"end":{"line":252,"column":5}},"type":"if","locations":[{"start":{"line":250,"column":4},"end":{"line":252,"column":5}},{"start":{},"end":{}}],"line":250},"16":{"loc":{"start":{"line":250,"column":8},"end":{"line":250,"column":45}},"type":"binary-expr","locations":[{"start":{"line":250,"column":8},"end":{"line":250,"column":16}},{"start":{"line":250,"column":20},"end":{"line":250,"column":45}}],"line":250},"17":{"loc":{"start":{"line":256,"column":4},"end":{"line":258,"column":5}},"type":"if","locations":[{"start":{"line":256,"column":4},"end":{"line":258,"column":5}},{"start":{},"end":{}}],"line":256},"18":{"loc":{"start":{"line":260,"column":4},"end":{"line":262,"column":5}},"type":"if","locations":[{"start":{"line":260,"column":4},"end":{"line":262,"column":5}},{"start":{},"end":{}}],"line":260},"19":{"loc":{"start":{"line":264,"column":4},"end":{"line":266,"column":5}},"type":"if","locations":[{"start":{"line":264,"column":4},"end":{"line":266,"column":5}},{"start":{},"end":{}}],"line":264},"20":{"loc":{"start":{"line":270,"column":4},"end":{"line":272,"column":5}},"type":"if","locations":[{"start":{"line":270,"column":4},"end":{"line":272,"column":5}},{"start":{},"end":{}}],"line":270},"21":{"loc":{"start":{"line":274,"column":4},"end":{"line":276,"column":5}},"type":"if","locations":[{"start":{"line":274,"column":4},"end":{"line":276,"column":5}},{"start":{},"end":{}}],"line":274},"22":{"loc":{"start":{"line":280,"column":6},"end":{"line":283,"column":7}},"type":"if","locations":[{"start":{"line":280,"column":6},"end":{"line":283,"column":7}},{"start":{},"end":{}}],"line":280},"23":{"loc":{"start":{"line":301,"column":4},"end":{"line":303,"column":5}},"type":"if","locations":[{"start":{"line":301,"column":4},"end":{"line":303,"column":5}},{"start":{},"end":{}}],"line":301}},"s":{"0":6,"1":6,"2":6,"3":6,"4":6,"5":6,"6":6,"7":6,"8":5,"9":6,"10":6,"11":1,"12":6,"13":5,"14":5,"15":5,"16":5,"17":5,"18":5,"19":5,"20":5,"21":1,"22":0,"23":1,"24":1,"25":1,"26":1,"27":1,"28":1,"29":1,"30":0,"31":0,"32":0,"33":0,"34":0,"35":0,"36":0,"37":0,"38":0,"39":0,"40":0,"41":0,"42":0,"43":0,"44":4,"45":6,"46":1,"47":1,"48":6,"49":3,"50":3,"51":3,"52":0,"53":0,"54":0,"55":3,"56":6,"57":2,"58":2,"59":2,"60":1,"61":0,"62":1,"63":1,"64":6,"65":2,"66":2,"67":2,"68":2,"69":1,"70":1,"71":1,"72":0,"73":0,"74":0,"75":0,"76":0,"77":0,"78":0,"79":0,"80":0,"81":0,"82":6,"83":1,"84":1,"85":1,"86":1,"87":0,"88":0,"89":0,"90":0,"91":0,"92":6,"93":2,"94":6,"95":2,"96":6,"97":5,"98":5,"99":5,"100":5,"101":5,"102":5,"103":0,"104":0,"105":0,"106":0,"107":0,"108":0,"109":0,"110":0,"111":0,"112":0,"113":0,"114":0,"115":0,"116":0,"117":0,"118":0,"119":0,"120":0,"121":0,"122":0,"123":0,"124":0,"125":0,"126":0,"127":0,"128":0,"129":6},"f":{"0":5,"1":1,"2":5,"3":0,"4":1,"5":3,"6":2,"7":2,"8":0,"9":1,"10":2,"11":2,"12":5,"13":0},"b":{"0":[5,0],"1":[5,5],"2":[5,0],"3":[0,1],"4":[0,0],"5":[0,0],"6":[0,0],"7":[0,0],"8":[0,1],"9":[1,1],"10":[1,0],"11":[0,0],"12":[0,0],"13":[1,0],"14":[0,0],"15":[5,0],"16":[5,5],"17":[0,0],"18":[0,0],"19":[0,0],"20":[0,0],"21":[0,0],"22":[0,0],"23":[0,0]},"_coverageSchema":"1a1c01bbd47fc00a2c39e90264f33305004495a9","hash":"226c940395de45f2cb7763097f205f3b4110e636"}
,"/home/ri-dev/Desktop/flipcart/server/Backend-Integrate/src/controller/productController.js": {"path":"/home/ri-dev/Desktop/flipcart/server/Backend-Integrate/src/controller/productController.js","statementMap":{"0":{"start":{"line":1,"column":21},"end":{"line":1,"column":53}},"1":{"start":{"line":2,"column":26},"end":{"line":2,"column":67}},"2":{"start":{"line":4,"column":22},"end":{"line":23,"column":1}},"3":{"start":{"line":5,"column":2},"end":{"line":22,"column":3}},"4":{"start":{"line":7,"column":58},"end":{"line":7,"column":66}},"5":{"start":{"line":9,"column":4},"end":{"line":11,"column":5}},"6":{"start":{"line":10,"column":6},"end":{"line":10,"column":81}},"7":{"start":{"line":12,"column":18},"end":{"line":12,"column":50}},"8":{"start":{"line":14,"column":4},"end":{"line":16,"column":5}},"9":{"start":{"line":15,"column":6},"end":{"line":15,"column":66}},"10":{"start":{"line":17,"column":18},"end":{"line":17,"column":53}},"11":{"start":{"line":18,"column":4},"end":{"line":19,"column":7}},"12":{"start":{"line":21,"column":4},"end":{"line":21,"column":75}},"13":{"start":{"line":25,"column":27},"end":{"line":32,"column":1}},"14":{"start":{"line":26,"column":2},"end":{"line":31,"column":3}},"15":{"start":{"line":27,"column":19},"end":{"line":27,"column":54}},"16":{"start":{"line":28,"column":4},"end":{"line":28,"column":60}},"17":{"start":{"line":30,"column":4},"end":{"line":30,"column":75}},"18":{"start":{"line":34,"column":27},"end":{"line":41,"column":1}},"19":{"start":{"line":35,"column":2},"end":{"line":40,"column":3}},"20":{"start":{"line":36,"column":19},"end":{"line":36,"column":53}},"21":{"start":{"line":37,"column":4},"end":{"line":37,"column":60}},"22":{"start":{"line":39,"column":4},"end":{"line":39,"column":75}},"23":{"start":{"line":43,"column":23},"end":{"line":51,"column":1}},"24":{"start":{"line":44,"column":11},"end":{"line":44,"column":24}},"25":{"start":{"line":45,"column":2},"end":{"line":50,"column":3}},"26":{"start":{"line":46,"column":19},"end":{"line":46,"column":46}},"27":{"start":{"line":47,"column":4},"end":{"line":47,"column":60}},"28":{"start":{"line":49,"column":4},"end":{"line":49,"column":75}},"29":{"start":{"line":53,"column":22},"end":{"line":76,"column":1}},"30":{"start":{"line":54,"column":2},"end":{"line":75,"column":3}},"31":{"start":{"line":55,"column":28},"end":{"line":55,"column":37}},"32":{"start":{"line":57,"column":4},"end":{"line":62,"column":5}},"33":{"start":{"line":58,"column":6},"end":{"line":61,"column":9}},"34":{"start":{"line":64,"column":21},"end":{"line":70,"column":6}},"35":{"start":{"line":72,"column":4},"end":{"line":72,"column":30}},"36":{"start":{"line":74,"column":4},"end":{"line":74,"column":73}},"37":{"start":{"line":78,"column":24},"end":{"line":78,"column":55}},"38":{"start":{"line":79,"column":26},"end":{"line":79,"column":41}},"39":{"start":{"line":81,"column":25},"end":{"line":99,"column":1}},"40":{"start":{"line":83,"column":94},"end":{"line":83,"column":99}},"41":{"start":{"line":85,"column":2},"end":{"line":85,"column":53}},"42":{"start":{"line":87,"column":2},"end":{"line":87,"column":26}},"43":{"start":{"line":89,"column":2},"end":{"line":89,"column":57}},"44":{"start":{"line":90,"column":2},"end":{"line":90,"column":60}},"45":{"start":{"line":92,"column":23},"end":{"line":92,"column":25}},"46":{"start":{"line":93,"column":2},"end":{"line":96,"column":3}},"47":{"start":{"line":94,"column":25},"end":{"line":94,"column":44}},"48":{"start":{"line":95,"column":6},"end":{"line":95,"column":57}},"49":{"start":{"line":98,"column":2},"end":{"line":98,"column":62}},"50":{"start":{"line":101,"column":25},"end":{"line":106,"column":1}},"51":{"start":{"line":102,"column":4},"end":{"line":104,"column":5}},"52":{"start":{"line":103,"column":8},"end":{"line":103,"column":60}},"53":{"start":{"line":105,"column":4},"end":{"line":105,"column":14}},"54":{"start":{"line":108,"column":19},"end":{"line":131,"column":1}},"55":{"start":{"line":109,"column":4},"end":{"line":130,"column":5}},"56":{"start":{"line":110,"column":69},"end":{"line":110,"column":92}},"57":{"start":{"line":111,"column":28},"end":{"line":111,"column":52}},"58":{"start":{"line":113,"column":25},"end":{"line":116,"column":25}},"59":{"start":{"line":118,"column":22},"end":{"line":118,"column":89}},"60":{"start":{"line":120,"column":8},"end":{"line":127,"column":10}},"61":{"start":{"line":129,"column":8},"end":{"line":129,"column":49}},"62":{"start":{"line":133,"column":0},"end":{"line":141,"column":2}}},"fnMap":{"0":{"name":"(anonymous_0)","decl":{"start":{"line":4,"column":22},"end":{"line":4,"column":23}},"loc":{"start":{"line":4,"column":48},"end":{"line":23,"column":1}},"line":4},"1":{"name":"(anonymous_1)","decl":{"start":{"line":25,"column":27},"end":{"line":25,"column":28}},"loc":{"start":{"line":25,"column":47},"end":{"line":32,"column":1}},"line":25},"2":{"name":"(anonymous_2)","decl":{"start":{"line":34,"column":27},"end":{"line":34,"column":28}},"loc":{"start":{"line":34,"column":47},"end":{"line":41,"column":1}},"line":34},"3":{"name":"(anonymous_3)","decl":{"start":{"line":43,"column":23},"end":{"line":43,"column":24}},"loc":{"start":{"line":43,"column":43},"end":{"line":51,"column":1}},"line":43},"4":{"name":"(anonymous_4)","decl":{"start":{"line":53,"column":22},"end":{"line":53,"column":23}},"loc":{"start":{"line":53,"column":42},"end":{"line":76,"column":1}},"line":53},"5":{"name":"(anonymous_5)","decl":{"start":{"line":81,"column":25},"end":{"line":81,"column":26}},"loc":{"start":{"line":81,"column":36},"end":{"line":99,"column":1}},"line":81},"6":{"name":"(anonymous_6)","decl":{"start":{"line":101,"column":25},"end":{"line":101,"column":26}},"loc":{"start":{"line":101,"column":37},"end":{"line":106,"column":1}},"line":101},"7":{"name":"(anonymous_7)","decl":{"start":{"line":108,"column":19},"end":{"line":108,"column":20}},"loc":{"start":{"line":108,"column":36},"end":{"line":131,"column":1}},"line":108}},"branchMap":{"0":{"loc":{"start":{"line":9,"column":4},"end":{"line":11,"column":5}},"type":"if","locations":[{"start":{"line":9,"column":4},"end":{"line":11,"column":5}},{"start":{},"end":{}}],"line":9},"1":{"loc":{"start":{"line":9,"column":8},"end":{"line":9,"column":77}},"type":"binary-expr","locations":[{"start":{"line":9,"column":8},"end":{"line":9,"column":41}},{"start":{"line":9,"column":45},"end":{"line":9,"column":77}}],"line":9},"2":{"loc":{"start":{"line":14,"column":4},"end":{"line":16,"column":5}},"type":"if","locations":[{"start":{"line":14,"column":4},"end":{"line":16,"column":5}},{"start":{},"end":{}}],"line":14},"3":{"loc":{"start":{"line":57,"column":4},"end":{"line":62,"column":5}},"type":"if","locations":[{"start":{"line":57,"column":4},"end":{"line":62,"column":5}},{"start":{},"end":{}}],"line":57},"4":{"loc":{"start":{"line":83,"column":8},"end":{"line":83,"column":16}},"type":"default-arg","locations":[{"start":{"line":83,"column":15},"end":{"line":83,"column":16}}],"line":83},"5":{"loc":{"start":{"line":83,"column":18},"end":{"line":83,"column":27}},"type":"default-arg","locations":[{"start":{"line":83,"column":26},"end":{"line":83,"column":27}}],"line":83},"6":{"loc":{"start":{"line":83,"column":29},"end":{"line":83,"column":40}},"type":"default-arg","locations":[{"start":{"line":83,"column":38},"end":{"line":83,"column":40}}],"line":83},"7":{"loc":{"start":{"line":83,"column":42},"end":{"line":83,"column":56}},"type":"default-arg","locations":[{"start":{"line":83,"column":49},"end":{"line":83,"column":56}}],"line":83},"8":{"loc":{"start":{"line":83,"column":58},"end":{"line":83,"column":71}},"type":"default-arg","locations":[{"start":{"line":83,"column":66},"end":{"line":83,"column":71}}],"line":83},"9":{"loc":{"start":{"line":83,"column":73},"end":{"line":83,"column":89}},"type":"default-arg","locations":[{"start":{"line":83,"column":84},"end":{"line":83,"column":89}}],"line":83},"10":{"loc":{"start":{"line":85,"column":9},"end":{"line":85,"column":52}},"type":"cond-expr","locations":[{"start":{"line":85,"column":30},"end":{"line":85,"column":31}},{"start":{"line":85,"column":34},"end":{"line":85,"column":52}}],"line":85},"11":{"loc":{"start":{"line":89,"column":9},"end":{"line":89,"column":56}},"type":"cond-expr","locations":[{"start":{"line":89,"column":42},"end":{"line":89,"column":46}},{"start":{"line":89,"column":49},"end":{"line":89,"column":56}}],"line":89},"12":{"loc":{"start":{"line":90,"column":10},"end":{"line":90,"column":59}},"type":"cond-expr","locations":[{"start":{"line":90,"column":46},"end":{"line":90,"column":51}},{"start":{"line":90,"column":54},"end":{"line":90,"column":59}}],"line":90},"13":{"loc":{"start":{"line":93,"column":2},"end":{"line":96,"column":3}},"type":"if","locations":[{"start":{"line":93,"column":2},"end":{"line":96,"column":3}},{"start":{},"end":{}}],"line":93},"14":{"loc":{"start":{"line":102,"column":4},"end":{"line":104,"column":5}},"type":"if","locations":[{"start":{"line":102,"column":4},"end":{"line":104,"column":5}},{"start":{},"end":{}}],"line":102}},"s":{"0":6,"1":6,"2":6,"3":5,"4":5,"5":5,"6":1,"7":4,"8":4,"9":1,"10":3,"11":1,"12":2,"13":6,"14":2,"15":2,"16":1,"17":1,"18":6,"19":2,"20":2,"21":1,"22":1,"23":6,"24":2,"25":2,"26":2,"27":1,"28":1,"29":6,"30":2,"31":2,"32":2,"33":1,"34":1,"35":1,"36":1,"37":6,"38":6,"39":6,"40":2,"41":2,"42":2,"43":2,"44":2,"45":2,"46":2,"47":2,"48":2,"49":2,"50":6,"51":1,"52":1,"53":0,"54":6,"55":1,"56":1,"57":1,"58":1,"59":0,"60":0,"61":1,"62":6},"f":{"0":5,"1":2,"2":2,"3":2,"4":2,"5":2,"6":1,"7":1},"b":{"0":[1,4],"1":[5,4],"2":[1,3],"3":[1,1],"4":[0],"5":[0],"6":[0],"7":[0],"8":[0],"9":[0],"10":[0,2],"11":[2,0],"12":[2,0],"13":[2,0],"14":[1,0]},"_coverageSchema":"1a1c01bbd47fc00a2c39e90264f33305004495a9","hash":"6dc08f086d4084d270026536bdf03a0b8ab0323c"}
,"/home/ri-dev/Desktop/flipcart/server/Backend-Integrate/src/controller/stripeController.js": {"path":"/home/ri-dev/Desktop/flipcart/server/Backend-Integrate/src/controller/stripeController.js","statementMap":{"0":{"start":{"line":1,"column":15},"end":{"line":1,"column":143}},"1":{"start":{"line":2,"column":20},"end":{"line":2,"column":65}},"2":{"start":{"line":3,"column":19},"end":{"line":3,"column":49}},"3":{"start":{"line":4,"column":21},"end":{"line":4,"column":53}},"4":{"start":{"line":6,"column":26},"end":{"line":6,"column":47}},"5":{"start":{"line":8,"column":24},"end":{"line":16,"column":1}},"6":{"start":{"line":9,"column":23},"end":{"line":13,"column":3}},"7":{"start":{"line":15,"column":2},"end":{"line":15,"column":37}},"8":{"start":{"line":17,"column":28},"end":{"line":35,"column":1}},"9":{"start":{"line":18,"column":2},"end":{"line":34,"column":5}},"10":{"start":{"line":20,"column":37},"end":{"line":30,"column":5}},"11":{"start":{"line":36,"column":31},"end":{"line":43,"column":1}},"12":{"start":{"line":37,"column":2},"end":{"line":37,"column":31}},"13":{"start":{"line":38,"column":2},"end":{"line":41,"column":4}},"14":{"start":{"line":39,"column":21},"end":{"line":39,"column":93}},"15":{"start":{"line":42,"column":2},"end":{"line":42,"column":21}},"16":{"start":{"line":45,"column":16},"end":{"line":79,"column":1}},"17":{"start":{"line":46,"column":2},"end":{"line":78,"column":3}},"18":{"start":{"line":47,"column":28},"end":{"line":47,"column":36}},"19":{"start":{"line":48,"column":21},"end":{"line":48,"column":47}},"20":{"start":{"line":50,"column":4},"end":{"line":52,"column":5}},"21":{"start":{"line":51,"column":6},"end":{"line":51,"column":42}},"22":{"start":{"line":54,"column":25},"end":{"line":54,"column":50}},"23":{"start":{"line":58,"column":4},"end":{"line":68,"column":5}},"24":{"start":{"line":59,"column":6},"end":{"line":62,"column":9}},"25":{"start":{"line":64,"column":6},"end":{"line":67,"column":9}},"26":{"start":{"line":69,"column":4},"end":{"line":75,"column":5}},"27":{"start":{"line":70,"column":22},"end":{"line":70,"column":64}},"28":{"start":{"line":71,"column":6},"end":{"line":71,"column":68}},"29":{"start":{"line":72,"column":6},"end":{"line":72,"column":36}},"30":{"start":{"line":74,"column":6},"end":{"line":74,"column":86}},"31":{"start":{"line":77,"column":4},"end":{"line":77,"column":16}},"32":{"start":{"line":80,"column":22},"end":{"line":122,"column":1}},"33":{"start":{"line":81,"column":2},"end":{"line":121,"column":3}},"34":{"start":{"line":82,"column":17},"end":{"line":82,"column":28}},"35":{"start":{"line":84,"column":18},"end":{"line":84,"column":63}},"36":{"start":{"line":85,"column":24},"end":{"line":85,"column":26}},"37":{"start":{"line":87,"column":4},"end":{"line":94,"column":5}},"38":{"start":{"line":88,"column":6},"end":{"line":90,"column":8}},"39":{"start":{"line":91,"column":6},"end":{"line":91,"column":43}},"40":{"start":{"line":93,"column":6},"end":{"line":93,"column":39}},"41":{"start":{"line":96,"column":16},"end":{"line":96,"column":101}},"42":{"start":{"line":98,"column":4},"end":{"line":118,"column":5}},"43":{"start":{"line":100,"column":6},"end":{"line":110,"column":7}},"44":{"start":{"line":101,"column":8},"end":{"line":107,"column":11}},"45":{"start":{"line":102,"column":10},"end":{"line":106,"column":12}},"46":{"start":{"line":109,"column":8},"end":{"line":109,"column":53}},"47":{"start":{"line":112,"column":6},"end":{"line":112,"column":42}},"48":{"start":{"line":113,"column":6},"end":{"line":113,"column":25}},"49":{"start":{"line":115,"column":6},"end":{"line":115,"column":88}},"50":{"start":{"line":117,"column":6},"end":{"line":117,"column":64}},"51":{"start":{"line":120,"column":4},"end":{"line":120,"column":68}},"52":{"start":{"line":124,"column":0},"end":{"line":130,"column":2}}},"fnMap":{"0":{"name":"(anonymous_0)","decl":{"start":{"line":8,"column":24},"end":{"line":8,"column":25}},"loc":{"start":{"line":8,"column":38},"end":{"line":16,"column":1}},"line":8},"1":{"name":"(anonymous_1)","decl":{"start":{"line":17,"column":28},"end":{"line":17,"column":29}},"loc":{"start":{"line":17,"column":55},"end":{"line":35,"column":1}},"line":17},"2":{"name":"(anonymous_2)","decl":{"start":{"line":20,"column":26},"end":{"line":20,"column":27}},"loc":{"start":{"line":20,"column":37},"end":{"line":30,"column":5}},"line":20},"3":{"name":"(anonymous_3)","decl":{"start":{"line":36,"column":31},"end":{"line":36,"column":32}},"loc":{"start":{"line":36,"column":74},"end":{"line":43,"column":1}},"line":36},"4":{"name":"(anonymous_4)","decl":{"start":{"line":39,"column":4},"end":{"line":39,"column":5}},"loc":{"start":{"line":39,"column":21},"end":{"line":39,"column":93}},"line":39},"5":{"name":"(anonymous_5)","decl":{"start":{"line":45,"column":16},"end":{"line":45,"column":17}},"loc":{"start":{"line":45,"column":42},"end":{"line":79,"column":1}},"line":45},"6":{"name":"(anonymous_6)","decl":{"start":{"line":80,"column":22},"end":{"line":80,"column":23}},"loc":{"start":{"line":80,"column":42},"end":{"line":122,"column":1}},"line":80},"7":{"name":"(anonymous_7)","decl":{"start":{"line":101,"column":28},"end":{"line":101,"column":29}},"loc":{"start":{"line":101,"column":44},"end":{"line":107,"column":9}},"line":101}},"branchMap":{"0":{"loc":{"start":{"line":15,"column":9},"end":{"line":15,"column":36}},"type":"binary-expr","locations":[{"start":{"line":15,"column":9},"end":{"line":15,"column":31}},{"start":{"line":15,"column":35},"end":{"line":15,"column":36}}],"line":15},"1":{"loc":{"start":{"line":48,"column":21},"end":{"line":48,"column":47}},"type":"binary-expr","locations":[{"start":{"line":48,"column":21},"end":{"line":48,"column":38}},{"start":{"line":48,"column":42},"end":{"line":48,"column":47}}],"line":48},"2":{"loc":{"start":{"line":50,"column":4},"end":{"line":52,"column":5}},"type":"if","locations":[{"start":{"line":50,"column":4},"end":{"line":52,"column":5}},{"start":{},"end":{}}],"line":50},"3":{"loc":{"start":{"line":58,"column":4},"end":{"line":68,"column":5}},"type":"if","locations":[{"start":{"line":58,"column":4},"end":{"line":68,"column":5}},{"start":{"line":63,"column":11},"end":{"line":68,"column":5}}],"line":58},"4":{"loc":{"start":{"line":69,"column":4},"end":{"line":75,"column":5}},"type":"if","locations":[{"start":{"line":69,"column":4},"end":{"line":75,"column":5}},{"start":{"line":73,"column":11},"end":{"line":75,"column":5}}],"line":69},"5":{"loc":{"start":{"line":87,"column":4},"end":{"line":94,"column":5}},"type":"if","locations":[{"start":{"line":87,"column":4},"end":{"line":94,"column":5}},{"start":{"line":92,"column":11},"end":{"line":94,"column":5}}],"line":87},"6":{"loc":{"start":{"line":98,"column":4},"end":{"line":118,"column":5}},"type":"if","locations":[{"start":{"line":98,"column":4},"end":{"line":118,"column":5}},{"start":{"line":116,"column":11},"end":{"line":118,"column":5}}],"line":98},"7":{"loc":{"start":{"line":100,"column":6},"end":{"line":110,"column":7}},"type":"if","locations":[{"start":{"line":100,"column":6},"end":{"line":110,"column":7}},{"start":{"line":108,"column":13},"end":{"line":110,"column":7}}],"line":100}},"s":{"0":2,"1":2,"2":2,"3":2,"4":2,"5":2,"6":9,"7":9,"8":2,"9":0,"10":0,"11":2,"12":1,"13":1,"14":2,"15":1,"16":2,"17":2,"18":2,"19":2,"20":2,"21":0,"22":2,"23":2,"24":0,"25":2,"26":2,"27":0,"28":0,"29":0,"30":2,"31":0,"32":2,"33":1,"34":1,"35":1,"36":0,"37":0,"38":0,"39":0,"40":0,"41":0,"42":0,"43":0,"44":0,"45":0,"46":0,"47":0,"48":0,"49":0,"50":0,"51":1,"52":2},"f":{"0":9,"1":0,"2":0,"3":1,"4":2,"5":2,"6":1,"7":0},"b":{"0":[9,2],"1":[2,0],"2":[0,2],"3":[0,2],"4":[0,2],"5":[0,0],"6":[0,0],"7":[0,0]},"_coverageSchema":"1a1c01bbd47fc00a2c39e90264f33305004495a9","hash":"336523ea8d81d7e193cc9e021ca835c8c9da2913"}
,"/home/ri-dev/Desktop/flipcart/server/Backend-Integrate/src/controller/userController.js": {"path":"/home/ri-dev/Desktop/flipcart/server/Backend-Integrate/src/controller/userController.js","statementMap":{"0":{"start":{"line":1,"column":18},"end":{"line":1,"column":47}},"1":{"start":{"line":2,"column":15},"end":{"line":2,"column":32}},"2":{"start":{"line":3,"column":12},"end":{"line":3,"column":35}},"3":{"start":{"line":4,"column":23},"end":{"line":4,"column":64}},"4":{"start":{"line":5,"column":21},"end":{"line":5,"column":44}},"5":{"start":{"line":6,"column":34},"end":{"line":6,"column":67}},"6":{"start":{"line":10,"column":15},"end":{"line":56,"column":1}},"7":{"start":{"line":11,"column":2},"end":{"line":55,"column":3}},"8":{"start":{"line":12,"column":52},"end":{"line":12,"column":60}},"9":{"start":{"line":15,"column":4},"end":{"line":17,"column":5}},"10":{"start":{"line":16,"column":6},"end":{"line":16,"column":81}},"11":{"start":{"line":19,"column":18},"end":{"line":19,"column":47}},"12":{"start":{"line":21,"column":4},"end":{"line":23,"column":5}},"13":{"start":{"line":22,"column":6},"end":{"line":22,"column":66}},"14":{"start":{"line":26,"column":21},"end":{"line":26,"column":62}},"15":{"start":{"line":27,"column":4},"end":{"line":29,"column":5}},"16":{"start":{"line":28,"column":6},"end":{"line":28,"column":86}},"17":{"start":{"line":31,"column":15},"end":{"line":31,"column":46}},"18":{"start":{"line":33,"column":17},"end":{"line":39,"column":5}},"19":{"start":{"line":41,"column":20},"end":{"line":43,"column":6}},"20":{"start":{"line":46,"column":16},"end":{"line":46,"column":41}},"21":{"start":{"line":48,"column":4},"end":{"line":52,"column":7}},"22":{"start":{"line":54,"column":4},"end":{"line":54,"column":66}},"23":{"start":{"line":60,"column":18},"end":{"line":62,"column":1}},"24":{"start":{"line":61,"column":2},"end":{"line":61,"column":22}},"25":{"start":{"line":63,"column":18},"end":{"line":128,"column":1}},"26":{"start":{"line":65,"column":2},"end":{"line":127,"column":3}},"27":{"start":{"line":66,"column":18},"end":{"line":66,"column":32}},"28":{"start":{"line":67,"column":21},"end":{"line":67,"column":38}},"29":{"start":{"line":69,"column":4},"end":{"line":71,"column":5}},"30":{"start":{"line":70,"column":6},"end":{"line":70,"column":81}},"31":{"start":{"line":73,"column":4},"end":{"line":75,"column":5}},"32":{"start":{"line":74,"column":6},"end":{"line":74,"column":71}},"33":{"start":{"line":76,"column":4},"end":{"line":78,"column":5}},"34":{"start":{"line":77,"column":6},"end":{"line":77,"column":74}},"35":{"start":{"line":79,"column":15},"end":{"line":79,"column":56}},"36":{"start":{"line":80,"column":4},"end":{"line":84,"column":5}},"37":{"start":{"line":81,"column":6},"end":{"line":83,"column":79}},"38":{"start":{"line":85,"column":23},"end":{"line":85,"column":68}},"39":{"start":{"line":86,"column":4},"end":{"line":90,"column":5}},"40":{"start":{"line":87,"column":6},"end":{"line":89,"column":64}},"41":{"start":{"line":91,"column":16},"end":{"line":93,"column":6}},"42":{"start":{"line":94,"column":23},"end":{"line":98,"column":5}},"43":{"start":{"line":99,"column":21},"end":{"line":103,"column":5}},"44":{"start":{"line":104,"column":20},"end":{"line":104,"column":37}},"45":{"start":{"line":105,"column":4},"end":{"line":111,"column":5}},"46":{"start":{"line":106,"column":6},"end":{"line":110,"column":9}},"47":{"start":{"line":107,"column":8},"end":{"line":109,"column":9}},"48":{"start":{"line":108,"column":10},"end":{"line":108,"column":19}},"49":{"start":{"line":112,"column":4},"end":{"line":117,"column":7}},"50":{"start":{"line":118,"column":21},"end":{"line":120,"column":5}},"51":{"start":{"line":121,"column":4},"end":{"line":121,"column":26}},"52":{"start":{"line":122,"column":4},"end":{"line":124,"column":102}},"53":{"start":{"line":126,"column":4},"end":{"line":126,"column":73}},"54":{"start":{"line":131,"column":21},"end":{"line":154,"column":1}},"55":{"start":{"line":132,"column":2},"end":{"line":153,"column":3}},"56":{"start":{"line":133,"column":21},"end":{"line":133,"column":29}},"57":{"start":{"line":134,"column":4},"end":{"line":150,"column":5}},"58":{"start":{"line":135,"column":25},"end":{"line":138,"column":7}},"59":{"start":{"line":139,"column":20},"end":{"line":143,"column":7}},"60":{"start":{"line":144,"column":23},"end":{"line":146,"column":7}},"61":{"start":{"line":147,"column":6},"end":{"line":147,"column":37}},"62":{"start":{"line":149,"column":6},"end":{"line":149,"column":56}},"63":{"start":{"line":152,"column":4},"end":{"line":152,"column":58}},"64":{"start":{"line":157,"column":23},"end":{"line":195,"column":1}},"65":{"start":{"line":158,"column":2},"end":{"line":194,"column":3}},"66":{"start":{"line":159,"column":18},"end":{"line":159,"column":32}},"67":{"start":{"line":160,"column":21},"end":{"line":160,"column":55}},"68":{"start":{"line":161,"column":4},"end":{"line":165,"column":5}},"69":{"start":{"line":162,"column":6},"end":{"line":164,"column":62}},"70":{"start":{"line":166,"column":4},"end":{"line":191,"column":5}},"71":{"start":{"line":167,"column":27},"end":{"line":167,"column":50}},"72":{"start":{"line":169,"column":7},"end":{"line":178,"column":8}},"73":{"start":{"line":179,"column":6},"end":{"line":179,"column":58}},"74":{"start":{"line":181,"column":6},"end":{"line":186,"column":11}},"75":{"start":{"line":188,"column":6},"end":{"line":190,"column":71}},"76":{"start":{"line":193,"column":4},"end":{"line":193,"column":67}},"77":{"start":{"line":198,"column":23},"end":{"line":232,"column":1}},"78":{"start":{"line":199,"column":2},"end":{"line":231,"column":3}},"79":{"start":{"line":200,"column":18},"end":{"line":200,"column":39}},"80":{"start":{"line":201,"column":22},"end":{"line":201,"column":63}},"81":{"start":{"line":202,"column":4},"end":{"line":206,"column":5}},"82":{"start":{"line":203,"column":6},"end":{"line":205,"column":69}},"83":{"start":{"line":207,"column":4},"end":{"line":211,"column":5}},"84":{"start":{"line":208,"column":6},"end":{"line":210,"column":92}},"85":{"start":{"line":212,"column":4},"end":{"line":228,"column":5}},"86":{"start":{"line":213,"column":23},"end":{"line":213,"column":43}},"87":{"start":{"line":214,"column":26},"end":{"line":214,"column":57}},"88":{"start":{"line":215,"column":23},"end":{"line":219,"column":7}},"89":{"start":{"line":220,"column":6},"end":{"line":225,"column":11}},"90":{"start":{"line":227,"column":6},"end":{"line":227,"column":74}},"91":{"start":{"line":230,"column":4},"end":{"line":230,"column":74}},"92":{"start":{"line":235,"column":15},"end":{"line":256,"column":1}},"93":{"start":{"line":236,"column":15},"end":{"line":236,"column":30}},"94":{"start":{"line":237,"column":2},"end":{"line":255,"column":3}},"95":{"start":{"line":238,"column":16},"end":{"line":238,"column":40}},"96":{"start":{"line":239,"column":19},"end":{"line":239,"column":34}},"97":{"start":{"line":241,"column":15},"end":{"line":241,"column":47}},"98":{"start":{"line":242,"column":22},"end":{"line":242,"column":66}},"99":{"start":{"line":242,"column":48},"end":{"line":242,"column":65}},"100":{"start":{"line":244,"column":4},"end":{"line":248,"column":6}},"101":{"start":{"line":250,"column":4},"end":{"line":252,"column":66}},"102":{"start":{"line":254,"column":4},"end":{"line":254,"column":74}},"103":{"start":{"line":258,"column":0},"end":{"line":266,"column":2}}},"fnMap":{"0":{"name":"(anonymous_0)","decl":{"start":{"line":10,"column":15},"end":{"line":10,"column":16}},"loc":{"start":{"line":10,"column":35},"end":{"line":56,"column":1}},"line":10},"1":{"name":"(anonymous_1)","decl":{"start":{"line":60,"column":18},"end":{"line":60,"column":19}},"loc":{"start":{"line":60,"column":25},"end":{"line":62,"column":1}},"line":60},"2":{"name":"(anonymous_2)","decl":{"start":{"line":63,"column":18},"end":{"line":63,"column":19}},"loc":{"start":{"line":63,"column":44},"end":{"line":128,"column":1}},"line":63},"3":{"name":"(anonymous_3)","decl":{"start":{"line":106,"column":35},"end":{"line":106,"column":36}},"loc":{"start":{"line":106,"column":42},"end":{"line":110,"column":7}},"line":106},"4":{"name":"(anonymous_4)","decl":{"start":{"line":131,"column":21},"end":{"line":131,"column":22}},"loc":{"start":{"line":131,"column":35},"end":{"line":154,"column":1}},"line":131},"5":{"name":"(anonymous_5)","decl":{"start":{"line":157,"column":23},"end":{"line":157,"column":24}},"loc":{"start":{"line":157,"column":43},"end":{"line":195,"column":1}},"line":157},"6":{"name":"(anonymous_6)","decl":{"start":{"line":198,"column":23},"end":{"line":198,"column":24}},"loc":{"start":{"line":198,"column":43},"end":{"line":232,"column":1}},"line":198},"7":{"name":"(anonymous_7)","decl":{"start":{"line":235,"column":15},"end":{"line":235,"column":16}},"loc":{"start":{"line":235,"column":35},"end":{"line":256,"column":1}},"line":235},"8":{"name":"(anonymous_8)","decl":{"start":{"line":242,"column":41},"end":{"line":242,"column":42}},"loc":{"start":{"line":242,"column":48},"end":{"line":242,"column":65}},"line":242}},"branchMap":{"0":{"loc":{"start":{"line":15,"column":4},"end":{"line":17,"column":5}},"type":"if","locations":[{"start":{"line":15,"column":4},"end":{"line":17,"column":5}},{"start":{},"end":{}}],"line":15},"1":{"loc":{"start":{"line":15,"column":9},"end":{"line":15,"column":96}},"type":"binary-expr","locations":[{"start":{"line":15,"column":9},"end":{"line":15,"column":15}},{"start":{"line":15,"column":19},"end":{"line":15,"column":28}},{"start":{"line":15,"column":32},"end":{"line":15,"column":37}},{"start":{"line":15,"column":41},"end":{"line":15,"column":48}},{"start":{"line":15,"column":52},"end":{"line":15,"column":57}},{"start":{"line":15,"column":62},"end":{"line":15,"column":96}}],"line":15},"2":{"loc":{"start":{"line":21,"column":4},"end":{"line":23,"column":5}},"type":"if","locations":[{"start":{"line":21,"column":4},"end":{"line":23,"column":5}},{"start":{},"end":{}}],"line":21},"3":{"loc":{"start":{"line":27,"column":4},"end":{"line":29,"column":5}},"type":"if","locations":[{"start":{"line":27,"column":4},"end":{"line":29,"column":5}},{"start":{},"end":{}}],"line":27},"4":{"loc":{"start":{"line":69,"column":4},"end":{"line":71,"column":5}},"type":"if","locations":[{"start":{"line":69,"column":4},"end":{"line":71,"column":5}},{"start":{},"end":{}}],"line":69},"5":{"loc":{"start":{"line":69,"column":8},"end":{"line":69,"column":77}},"type":"binary-expr","locations":[{"start":{"line":69,"column":8},"end":{"line":69,"column":41}},{"start":{"line":69,"column":45},"end":{"line":69,"column":77}}],"line":69},"6":{"loc":{"start":{"line":73,"column":4},"end":{"line":75,"column":5}},"type":"if","locations":[{"start":{"line":73,"column":4},"end":{"line":75,"column":5}},{"start":{},"end":{}}],"line":73},"7":{"loc":{"start":{"line":76,"column":4},"end":{"line":78,"column":5}},"type":"if","locations":[{"start":{"line":76,"column":4},"end":{"line":78,"column":5}},{"start":{},"end":{}}],"line":76},"8":{"loc":{"start":{"line":80,"column":4},"end":{"line":84,"column":5}},"type":"if","locations":[{"start":{"line":80,"column":4},"end":{"line":84,"column":5}},{"start":{},"end":{}}],"line":80},"9":{"loc":{"start":{"line":86,"column":4},"end":{"line":90,"column":5}},"type":"if","locations":[{"start":{"line":86,"column":4},"end":{"line":90,"column":5}},{"start":{},"end":{}}],"line":86},"10":{"loc":{"start":{"line":104,"column":20},"end":{"line":104,"column":37}},"type":"binary-expr","locations":[{"start":{"line":104,"column":20},"end":{"line":104,"column":31}},{"start":{"line":104,"column":35},"end":{"line":104,"column":37}}],"line":104},"11":{"loc":{"start":{"line":105,"column":4},"end":{"line":111,"column":5}},"type":"if","locations":[{"start":{"line":105,"column":4},"end":{"line":111,"column":5}},{"start":{},"end":{}}],"line":105},"12":{"loc":{"start":{"line":107,"column":8},"end":{"line":109,"column":9}},"type":"if","locations":[{"start":{"line":107,"column":8},"end":{"line":109,"column":9}},{"start":{},"end":{}}],"line":107},"13":{"loc":{"start":{"line":134,"column":4},"end":{"line":150,"column":5}},"type":"if","locations":[{"start":{"line":134,"column":4},"end":{"line":150,"column":5}},{"start":{"line":148,"column":11},"end":{"line":150,"column":5}}],"line":134},"14":{"loc":{"start":{"line":161,"column":4},"end":{"line":165,"column":5}},"type":"if","locations":[{"start":{"line":161,"column":4},"end":{"line":165,"column":5}},{"start":{},"end":{}}],"line":161},"15":{"loc":{"start":{"line":166,"column":4},"end":{"line":191,"column":5}},"type":"if","locations":[{"start":{"line":166,"column":4},"end":{"line":191,"column":5}},{"start":{"line":187,"column":11},"end":{"line":191,"column":5}}],"line":166},"16":{"loc":{"start":{"line":202,"column":4},"end":{"line":206,"column":5}},"type":"if","locations":[{"start":{"line":202,"column":4},"end":{"line":206,"column":5}},{"start":{},"end":{}}],"line":202},"17":{"loc":{"start":{"line":207,"column":4},"end":{"line":211,"column":5}},"type":"if","locations":[{"start":{"line":207,"column":4},"end":{"line":211,"column":5}},{"start":{},"end":{}}],"line":207},"18":{"loc":{"start":{"line":212,"column":4},"end":{"line":228,"column":5}},"type":"if","locations":[{"start":{"line":212,"column":4},"end":{"line":228,"column":5}},{"start":{"line":226,"column":11},"end":{"line":228,"column":5}}],"line":212}},"s":{"0":8,"1":8,"2":8,"3":8,"4":8,"5":8,"6":8,"7":2,"8":2,"9":2,"10":1,"11":1,"12":1,"13":0,"14":1,"15":1,"16":0,"17":1,"18":1,"19":1,"20":1,"21":1,"22":0,"23":8,"24":0,"25":8,"26":2,"27":2,"28":2,"29":2,"30":1,"31":1,"32":0,"33":1,"34":0,"35":1,"36":1,"37":1,"38":0,"39":0,"40":0,"41":0,"42":0,"43":0,"44":0,"45":0,"46":0,"47":0,"48":0,"49":0,"50":0,"51":0,"52":0,"53":0,"54":8,"55":0,"56":0,"57":0,"58":0,"59":0,"60":0,"61":0,"62":0,"63":0,"64":8,"65":1,"66":1,"67":1,"68":1,"69":1,"70":0,"71":0,"72":0,"73":0,"74":0,"75":0,"76":0,"77":8,"78":0,"79":0,"80":0,"81":0,"82":0,"83":0,"84":0,"85":0,"86":0,"87":0,"88":0,"89":0,"90":0,"91":0,"92":8,"93":3,"94":3,"95":3,"96":3,"97":3,"98":2,"99":2,"100":2,"101":2,"102":1,"103":8},"f":{"0":2,"1":0,"2":2,"3":0,"4":0,"5":1,"6":0,"7":3,"8":2},"b":{"0":[1,1],"1":[2,1,1,1,1,1],"2":[0,1],"3":[0,1],"4":[1,1],"5":[2,1],"6":[0,1],"7":[0,1],"8":[1,0],"9":[0,0],"10":[0,0],"11":[0,0],"12":[0,0],"13":[0,0],"14":[1,0],"15":[0,0],"16":[0,0],"17":[0,0],"18":[0,0]},"_coverageSchema":"1a1c01bbd47fc00a2c39e90264f33305004495a9","hash":"2e60e1eb6ffd57dde4f63100b4359ccdba63a9ca"}
,"/home/ri-dev/Desktop/flipcart/server/Backend-Integrate/src/controller/wishlistController.js": {"path":"/home/ri-dev/Desktop/flipcart/server/Backend-Integrate/src/controller/wishlistController.js","statementMap":{"0":{"start":{"line":1,"column":18},"end":{"line":1,"column":47}},"1":{"start":{"line":2,"column":21},"end":{"line":2,"column":53}},"2":{"start":{"line":3,"column":22},"end":{"line":3,"column":55}},"3":{"start":{"line":5,"column":13},"end":{"line":5,"column":49}},"4":{"start":{"line":6,"column":17},"end":{"line":6,"column":57}},"5":{"start":{"line":7,"column":16},"end":{"line":7,"column":55}},"6":{"start":{"line":9,"column":22},"end":{"line":41,"column":1}},"7":{"start":{"line":10,"column":4},"end":{"line":39,"column":5}},"8":{"start":{"line":11,"column":21},"end":{"line":11,"column":36}},"9":{"start":{"line":12,"column":24},"end":{"line":12,"column":42}},"10":{"start":{"line":13,"column":22},"end":{"line":13,"column":60}},"11":{"start":{"line":14,"column":8},"end":{"line":16,"column":9}},"12":{"start":{"line":15,"column":12},"end":{"line":15,"column":91}},"13":{"start":{"line":17,"column":19},"end":{"line":17,"column":51}},"14":{"start":{"line":18,"column":8},"end":{"line":20,"column":9}},"15":{"start":{"line":19,"column":12},"end":{"line":19,"column":97}},"16":{"start":{"line":22,"column":27},"end":{"line":22,"column":66}},"17":{"start":{"line":23,"column":8},"end":{"line":36,"column":9}},"18":{"start":{"line":24,"column":27},"end":{"line":24,"column":88}},"19":{"start":{"line":25,"column":12},"end":{"line":25,"column":97}},"20":{"start":{"line":27,"column":27},"end":{"line":27,"column":48}},"21":{"start":{"line":28,"column":34},"end":{"line":28,"column":75}},"22":{"start":{"line":28,"column":60},"end":{"line":28,"column":74}},"23":{"start":{"line":29,"column":12},"end":{"line":31,"column":13}},"24":{"start":{"line":30,"column":16},"end":{"line":30,"column":116}},"25":{"start":{"line":32,"column":12},"end":{"line":32,"column":37}},"26":{"start":{"line":33,"column":27},"end":{"line":34,"column":51}},"27":{"start":{"line":35,"column":12},"end":{"line":35,"column":99}},"28":{"start":{"line":38,"column":8},"end":{"line":38,"column":78}},"29":{"start":{"line":44,"column":20},"end":{"line":54,"column":1}},"30":{"start":{"line":45,"column":2},"end":{"line":53,"column":3}},"31":{"start":{"line":46,"column":17},"end":{"line":46,"column":32}},"32":{"start":{"line":48,"column":23},"end":{"line":48,"column":83}},"33":{"start":{"line":50,"column":4},"end":{"line":50,"column":93}},"34":{"start":{"line":52,"column":4},"end":{"line":52,"column":84}},"35":{"start":{"line":56,"column":27},"end":{"line":76,"column":1}},"36":{"start":{"line":57,"column":2},"end":{"line":75,"column":3}},"37":{"start":{"line":58,"column":17},"end":{"line":58,"column":32}},"38":{"start":{"line":59,"column":20},"end":{"line":59,"column":38}},"39":{"start":{"line":60,"column":23},"end":{"line":60,"column":70}},"40":{"start":{"line":61,"column":23},"end":{"line":63,"column":5}},"41":{"start":{"line":62,"column":13},"end":{"line":62,"column":50}},"42":{"start":{"line":65,"column":19},"end":{"line":71,"column":27}},"43":{"start":{"line":72,"column":4},"end":{"line":72,"column":60}},"44":{"start":{"line":74,"column":4},"end":{"line":74,"column":75}},"45":{"start":{"line":79,"column":30},"end":{"line":138,"column":1}},"46":{"start":{"line":80,"column":2},"end":{"line":137,"column":3}},"47":{"start":{"line":81,"column":17},"end":{"line":81,"column":32}},"48":{"start":{"line":84,"column":25},"end":{"line":84,"column":33}},"49":{"start":{"line":85,"column":4},"end":{"line":87,"column":5}},"50":{"start":{"line":86,"column":6},"end":{"line":86,"column":94}},"51":{"start":{"line":89,"column":19},"end":{"line":89,"column":54}},"52":{"start":{"line":90,"column":4},"end":{"line":92,"column":5}},"53":{"start":{"line":91,"column":6},"end":{"line":91,"column":84}},"54":{"start":{"line":94,"column":19},"end":{"line":94,"column":57}},"55":{"start":{"line":95,"column":15},"end":{"line":95,"column":17}},"56":{"start":{"line":96,"column":4},"end":{"line":107,"column":5}},"57":{"start":{"line":97,"column":6},"end":{"line":97,"column":27}},"58":{"start":{"line":98,"column":6},"end":{"line":98,"column":22}},"59":{"start":{"line":99,"column":6},"end":{"line":99,"column":26}},"60":{"start":{"line":100,"column":6},"end":{"line":100,"column":26}},"61":{"start":{"line":102,"column":6},"end":{"line":106,"column":8}},"62":{"start":{"line":109,"column":4},"end":{"line":122,"column":5}},"63":{"start":{"line":110,"column":20},"end":{"line":110,"column":53}},"64":{"start":{"line":111,"column":6},"end":{"line":121,"column":7}},"65":{"start":{"line":112,"column":27},"end":{"line":112,"column":79}},"66":{"start":{"line":112,"column":51},"end":{"line":112,"column":78}},"67":{"start":{"line":114,"column":8},"end":{"line":118,"column":9}},"68":{"start":{"line":115,"column":10},"end":{"line":115,"column":37}},"69":{"start":{"line":117,"column":10},"end":{"line":117,"column":54}},"70":{"start":{"line":119,"column":8},"end":{"line":119,"column":29}},"71":{"start":{"line":120,"column":8},"end":{"line":120,"column":41}},"72":{"start":{"line":125,"column":17},"end":{"line":129,"column":33}},"73":{"start":{"line":132,"column":4},"end":{"line":132,"column":49}},"74":{"start":{"line":134,"column":4},"end":{"line":134,"column":110}},"75":{"start":{"line":136,"column":4},"end":{"line":136,"column":71}},"76":{"start":{"line":140,"column":0},"end":{"line":140,"column":90}}},"fnMap":{"0":{"name":"(anonymous_0)","decl":{"start":{"line":9,"column":22},"end":{"line":9,"column":23}},"loc":{"start":{"line":9,"column":48},"end":{"line":41,"column":1}},"line":9},"1":{"name":"(anonymous_1)","decl":{"start":{"line":28,"column":53},"end":{"line":28,"column":54}},"loc":{"start":{"line":28,"column":60},"end":{"line":28,"column":74}},"line":28},"2":{"name":"(anonymous_2)","decl":{"start":{"line":44,"column":20},"end":{"line":44,"column":21}},"loc":{"start":{"line":44,"column":46},"end":{"line":54,"column":1}},"line":44},"3":{"name":"(anonymous_3)","decl":{"start":{"line":56,"column":27},"end":{"line":56,"column":28}},"loc":{"start":{"line":56,"column":47},"end":{"line":76,"column":1}},"line":56},"4":{"name":"(anonymous_4)","decl":{"start":{"line":62,"column":6},"end":{"line":62,"column":7}},"loc":{"start":{"line":62,"column":13},"end":{"line":62,"column":50}},"line":62},"5":{"name":"(anonymous_5)","decl":{"start":{"line":79,"column":30},"end":{"line":79,"column":31}},"loc":{"start":{"line":79,"column":56},"end":{"line":138,"column":1}},"line":79},"6":{"name":"(anonymous_6)","decl":{"start":{"line":112,"column":43},"end":{"line":112,"column":44}},"loc":{"start":{"line":112,"column":51},"end":{"line":112,"column":78}},"line":112}},"branchMap":{"0":{"loc":{"start":{"line":14,"column":8},"end":{"line":16,"column":9}},"type":"if","locations":[{"start":{"line":14,"column":8},"end":{"line":16,"column":9}},{"start":{},"end":{}}],"line":14},"1":{"loc":{"start":{"line":18,"column":8},"end":{"line":20,"column":9}},"type":"if","locations":[{"start":{"line":18,"column":8},"end":{"line":20,"column":9}},{"start":{},"end":{}}],"line":18},"2":{"loc":{"start":{"line":23,"column":8},"end":{"line":36,"column":9}},"type":"if","locations":[{"start":{"line":23,"column":8},"end":{"line":36,"column":9}},{"start":{"line":26,"column":15},"end":{"line":36,"column":9}}],"line":23},"3":{"loc":{"start":{"line":29,"column":12},"end":{"line":31,"column":13}},"type":"if","locations":[{"start":{"line":29,"column":12},"end":{"line":31,"column":13}},{"start":{},"end":{}}],"line":29},"4":{"loc":{"start":{"line":85,"column":4},"end":{"line":87,"column":5}},"type":"if","locations":[{"start":{"line":85,"column":4},"end":{"line":87,"column":5}},{"start":{},"end":{}}],"line":85},"5":{"loc":{"start":{"line":90,"column":4},"end":{"line":92,"column":5}},"type":"if","locations":[{"start":{"line":90,"column":4},"end":{"line":92,"column":5}},{"start":{},"end":{}}],"line":90},"6":{"loc":{"start":{"line":96,"column":4},"end":{"line":107,"column":5}},"type":"if","locations":[{"start":{"line":96,"column":4},"end":{"line":107,"column":5}},{"start":{"line":101,"column":11},"end":{"line":107,"column":5}}],"line":96},"7":{"loc":{"start":{"line":111,"column":6},"end":{"line":121,"column":7}},"type":"if","locations":[{"start":{"line":111,"column":6},"end":{"line":121,"column":7}},{"start":{},"end":{}}],"line":111},"8":{"loc":{"start":{"line":114,"column":8},"end":{"line":118,"column":9}},"type":"if","locations":[{"start":{"line":114,"column":8},"end":{"line":118,"column":9}},{"start":{"line":116,"column":15},"end":{"line":118,"column":9}}],"line":114}},"s":{"0":4,"1":4,"2":4,"3":4,"4":4,"5":4,"6":4,"7":2,"8":2,"9":2,"10":2,"11":2,"12":0,"13":2,"14":2,"15":0,"16":2,"17":2,"18":1,"19":1,"20":1,"21":1,"22":1,"23":1,"24":1,"25":0,"26":0,"27":0,"28":0,"29":4,"30":1,"31":1,"32":1,"33":0,"34":1,"35":4,"36":1,"37":1,"38":1,"39":1,"40":0,"41":0,"42":0,"43":0,"44":1,"45":4,"46":1,"47":1,"48":1,"49":1,"50":1,"51":0,"52":0,"53":0,"54":0,"55":0,"56":0,"57":0,"58":0,"59":0,"60":0,"61":0,"62":0,"63":0,"64":0,"65":0,"66":0,"67":0,"68":0,"69":0,"70":0,"71":0,"72":0,"73":0,"74":0,"75":0,"76":4},"f":{"0":2,"1":1,"2":1,"3":1,"4":0,"5":1,"6":0},"b":{"0":[0,2],"1":[0,2],"2":[1,1],"3":[1,0],"4":[1,0],"5":[0,0],"6":[0,0],"7":[0,0],"8":[0,0]},"_coverageSchema":"1a1c01bbd47fc00a2c39e90264f33305004495a9","hash":"c8225cc801d47c8846fcef34cf9b769479226944"}
,"/home/ri-dev/Desktop/flipcart/server/Backend-Integrate/src/middleware/auth.js": {"path":"/home/ri-dev/Desktop/flipcart/server/Backend-Integrate/src/middleware/auth.js","statementMap":{"0":{"start":{"line":1,"column":12},"end":{"line":1,"column":35}},"1":{"start":{"line":3,"column":23},"end":{"line":17,"column":1}},"2":{"start":{"line":4,"column":4},"end":{"line":16,"column":5}},"3":{"start":{"line":5,"column":21},"end":{"line":5,"column":45}},"4":{"start":{"line":6,"column":8},"end":{"line":8,"column":9}},"5":{"start":{"line":7,"column":12},"end":{"line":7,"column":112}},"6":{"start":{"line":9,"column":27},"end":{"line":9,"column":67}},"7":{"start":{"line":10,"column":8},"end":{"line":10,"column":26}},"8":{"start":{"line":11,"column":8},"end":{"line":11,"column":32}},"9":{"start":{"line":12,"column":8},"end":{"line":12,"column":14}},"10":{"start":{"line":15,"column":8},"end":{"line":15,"column":58}},"11":{"start":{"line":19,"column":0},"end":{"line":19,"column":33}}},"fnMap":{"0":{"name":"(anonymous_0)","decl":{"start":{"line":3,"column":23},"end":{"line":3,"column":24}},"loc":{"start":{"line":3,"column":44},"end":{"line":17,"column":1}},"line":3}},"branchMap":{"0":{"loc":{"start":{"line":6,"column":8},"end":{"line":8,"column":9}},"type":"if","locations":[{"start":{"line":6,"column":8},"end":{"line":8,"column":9}},{"start":{},"end":{}}],"line":6}},"s":{"0":1,"1":1,"2":3,"3":3,"4":3,"5":1,"6":2,"7":1,"8":1,"9":1,"10":1,"11":1},"f":{"0":3},"b":{"0":[1,2]},"_coverageSchema":"1a1c01bbd47fc00a2c39e90264f33305004495a9","hash":"243c1881912b77f45b8c585368574237bb5ac34d"}
,"/home/ri-dev/Desktop/flipcart/server/Backend-Integrate/src/model/cartModel.js": {"path":"/home/ri-dev/Desktop/flipcart/server/Backend-Integrate/src/model/cartModel.js","statementMap":{"0":{"start":{"line":1,"column":17},"end":{"line":1,"column":36}},"1":{"start":{"line":2,"column":17},"end":{"line":2,"column":40}},"2":{"start":{"line":3,"column":19},"end":{"line":19,"column":1}},"3":{"start":{"line":21,"column":0},"end":{"line":21,"column":52}}},"fnMap":{},"branchMap":{},"s":{"0":13,"1":13,"2":13,"3":13},"f":{},"b":{},"_coverageSchema":"1a1c01bbd47fc00a2c39e90264f33305004495a9","hash":"8bf622de5f48e5689538bf7e9e216671bf567b0e"}
,"/home/ri-dev/Desktop/flipcart/server/Backend-Integrate/src/model/orderModel.js": {"path":"/home/ri-dev/Desktop/flipcart/server/Backend-Integrate/src/model/orderModel.js","statementMap":{"0":{"start":{"line":2,"column":17},"end":{"line":2,"column":36}},"1":{"start":{"line":3,"column":17},"end":{"line":3,"column":47}},"2":{"start":{"line":5,"column":20},"end":{"line":97,"column":1}},"3":{"start":{"line":99,"column":0},"end":{"line":99,"column":54}}},"fnMap":{},"branchMap":{},"s":{"0":8,"1":8,"2":8,"3":8},"f":{},"b":{},"_coverageSchema":"1a1c01bbd47fc00a2c39e90264f33305004495a9","hash":"30c3c8259ccae3b1367fefe6daf3175589d1c63f"}
,"/home/ri-dev/Desktop/flipcart/server/Backend-Integrate/src/model/productModel.js": {"path":"/home/ri-dev/Desktop/flipcart/server/Backend-Integrate/src/model/productModel.js","statementMap":{"0":{"start":{"line":1,"column":17},"end":{"line":1,"column":36}},"1":{"start":{"line":3,"column":22},"end":{"line":34,"column":2}},"2":{"start":{"line":36,"column":0},"end":{"line":36,"column":58}}},"fnMap":{},"branchMap":{},"s":{"0":16,"1":16,"2":16},"f":{},"b":{},"_coverageSchema":"1a1c01bbd47fc00a2c39e90264f33305004495a9","hash":"8c9a522e9285ddc462149ded95df09a941abd682"}
,"/home/ri-dev/Desktop/flipcart/server/Backend-Integrate/src/model/userModel.js": {"path":"/home/ri-dev/Desktop/flipcart/server/Backend-Integrate/src/model/userModel.js","statementMap":{"0":{"start":{"line":1,"column":17},"end":{"line":1,"column":36}},"1":{"start":{"line":3,"column":19},"end":{"line":36,"column":2}},"2":{"start":{"line":38,"column":0},"end":{"line":38,"column":52}}},"fnMap":{},"branchMap":{},"s":{"0":18,"1":18,"2":18},"f":{},"b":{},"_coverageSchema":"1a1c01bbd47fc00a2c39e90264f33305004495a9","hash":"011702704a32f4fa077bfc9fa81c6f998548f42c"}
,"/home/ri-dev/Desktop/flipcart/server/Backend-Integrate/src/model/wishlistModel.js": {"path":"/home/ri-dev/Desktop/flipcart/server/Backend-Integrate/src/model/wishlistModel.js","statementMap":{"0":{"start":{"line":1,"column":17},"end":{"line":1,"column":36}},"1":{"start":{"line":2,"column":17},"end":{"line":2,"column":47}},"2":{"start":{"line":4,"column":23},"end":{"line":21,"column":1}},"3":{"start":{"line":23,"column":0},"end":{"line":23,"column":60}}},"fnMap":{},"branchMap":{},"s":{"0":1,"1":1,"2":1,"3":1},"f":{},"b":{},"_coverageSchema":"1a1c01bbd47fc00a2c39e90264f33305004495a9","hash":"bbff186bf1a25556250095a900a8477998afb60c"}
,"/home/ri-dev/Desktop/flipcart/server/Backend-Integrate/src/validators/schemaValidation.js": {"path":"/home/ri-dev/Desktop/flipcart/server/Backend-Integrate/src/validators/schemaValidation.js","statementMap":{"0":{"start":{"line":1,"column":12},"end":{"line":1,"column":26}},"1":{"start":{"line":3,"column":19},"end":{"line":9,"column":2}},"2":{"start":{"line":11,"column":22},"end":{"line":20,"column":4}},"3":{"start":{"line":21,"column":22},"end":{"line":30,"column":4}},"4":{"start":{"line":33,"column":0},"end":{"line":33,"column":55}}},"fnMap":{},"branchMap":{},"s":{"0":13,"1":13,"2":13,"3":13,"4":13},"f":{},"b":{},"_coverageSchema":"1a1c01bbd47fc00a2c39e90264f33305004495a9","hash":"668c5dae7c74b06ad5f1ef483b8397ca9f3862e6"}
,"/home/ri-dev/Desktop/flipcart/server/Backend-Integrate/src/validators/sendMail.js": {"path":"/home/ri-dev/Desktop/flipcart/server/Backend-Integrate/src/validators/sendMail.js","statementMap":{"0":{"start":{"line":2,"column":19},"end":{"line":2,"column":40}},"1":{"start":{"line":5,"column":30},"end":{"line":40,"column":5}},"2":{"start":{"line":6,"column":4},"end":{"line":39,"column":5}},"3":{"start":{"line":7,"column":26},"end":{"line":16,"column":8}},"4":{"start":{"line":17,"column":26},"end":{"line":26,"column":7}},"5":{"start":{"line":27,"column":6},"end":{"line":35,"column":8}},"6":{"start":{"line":28,"column":8},"end":{"line":34,"column":9}},"7":{"start":{"line":29,"column":10},"end":{"line":29,"column":28}},"8":{"start":{"line":32,"column":10},"end":{"line":32,"column":35}},"9":{"start":{"line":33,"column":10},"end":{"line":33,"column":61}},"10":{"start":{"line":38,"column":5},"end":{"line":38,"column":17}},"11":{"start":{"line":43,"column":0},"end":{"line":43,"column":42}}},"fnMap":{"0":{"name":"(anonymous_0)","decl":{"start":{"line":5,"column":30},"end":{"line":5,"column":31}},"loc":{"start":{"line":5,"column":50},"end":{"line":40,"column":5}},"line":5},"1":{"name":"(anonymous_1)","decl":{"start":{"line":27,"column":39},"end":{"line":27,"column":40}},"loc":{"start":{"line":27,"column":59},"end":{"line":35,"column":7}},"line":27}},"branchMap":{"0":{"loc":{"start":{"line":28,"column":8},"end":{"line":34,"column":9}},"type":"if","locations":[{"start":{"line":28,"column":8},"end":{"line":34,"column":9}},{"start":{"line":31,"column":13},"end":{"line":34,"column":9}}],"line":28}},"s":{"0":9,"1":9,"2":1,"3":1,"4":1,"5":1,"6":0,"7":0,"8":0,"9":0,"10":1,"11":9},"f":{"0":1,"1":0},"b":{"0":[0,0]},"_coverageSchema":"1a1c01bbd47fc00a2c39e90264f33305004495a9","hash":"06b67c8de27068df6fc993ee39707a28ddd2dc77"}
,"/home/ri-dev/Desktop/flipcart/server/Backend-Integrate/src/validators/sendOrderSummaryMail.js": {"path":"/home/ri-dev/Desktop/flipcart/server/Backend-Integrate/src/validators/sendOrderSummaryMail.js","statementMap":{"0":{"start":{"line":1,"column":19},"end":{"line":1,"column":40}},"1":{"start":{"line":3,"column":20},"end":{"line":95,"column":1}},"2":{"start":{"line":4,"column":2},"end":{"line":94,"column":3}},"3":{"start":{"line":5,"column":24},"end":{"line":12,"column":6}},"4":{"start":{"line":14,"column":18},"end":{"line":87,"column":6}},"5":{"start":{"line":62,"column":33},"end":{"line":68,"column":22}},"6":{"start":{"line":89,"column":4},"end":{"line":91,"column":5}},"7":{"start":{"line":90,"column":6},"end":{"line":90,"column":21}},"8":{"start":{"line":93,"column":4},"end":{"line":93,"column":17}},"9":{"start":{"line":96,"column":0},"end":{"line":96,"column":29}}},"fnMap":{"0":{"name":"(anonymous_0)","decl":{"start":{"line":3,"column":20},"end":{"line":3,"column":21}},"loc":{"start":{"line":3,"column":44},"end":{"line":95,"column":1}},"line":3},"1":{"name":"(anonymous_1)","decl":{"start":{"line":62,"column":16},"end":{"line":62,"column":17}},"loc":{"start":{"line":62,"column":33},"end":{"line":68,"column":22}},"line":62}},"branchMap":{"0":{"loc":{"start":{"line":89,"column":4},"end":{"line":91,"column":5}},"type":"if","locations":[{"start":{"line":89,"column":4},"end":{"line":91,"column":5}},{"start":{},"end":{}}],"line":89}},"s":{"0":3,"1":3,"2":2,"3":2,"4":2,"5":4,"6":1,"7":1,"8":1,"9":3},"f":{"0":2,"1":4},"b":{"0":[1,0]},"_coverageSchema":"1a1c01bbd47fc00a2c39e90264f33305004495a9","hash":"350a315e2a6d53fc2bed25517b5e2fd079010978"}
,"/home/ri-dev/Desktop/flipcart/server/Backend-Integrate/src/validators/validator.js": {"path":"/home/ri-dev/Desktop/flipcart/server/Backend-Integrate/src/validators/validator.js","statementMap":{"0":{"start":{"line":1,"column":17},"end":{"line":1,"column":36}},"1":{"start":{"line":2,"column":17},"end":{"line":2,"column":47}},"2":{"start":{"line":5,"column":24},"end":{"line":7,"column":1}},"3":{"start":{"line":6,"column":2},"end":{"line":6,"column":47}},"4":{"start":{"line":9,"column":20},"end":{"line":11,"column":3}},"5":{"start":{"line":10,"column":4},"end":{"line":10,"column":44}},"6":{"start":{"line":13,"column":20},"end":{"line":15,"column":3}},"7":{"start":{"line":14,"column":4},"end":{"line":14,"column":47}},"8":{"start":{"line":16,"column":18},"end":{"line":22,"column":3}},"9":{"start":{"line":17,"column":4},"end":{"line":17,"column":77}},"10":{"start":{"line":17,"column":65},"end":{"line":17,"column":77}},"11":{"start":{"line":18,"column":4},"end":{"line":18,"column":75}},"12":{"start":{"line":18,"column":63},"end":{"line":18,"column":75}},"13":{"start":{"line":19,"column":4},"end":{"line":19,"column":125}},"14":{"start":{"line":19,"column":113},"end":{"line":19,"column":125}},"15":{"start":{"line":21,"column":4},"end":{"line":21,"column":17}},"16":{"start":{"line":25,"column":2},"end":{"line":25,"column":65}}},"fnMap":{"0":{"name":"(anonymous_0)","decl":{"start":{"line":5,"column":24},"end":{"line":5,"column":25}},"loc":{"start":{"line":5,"column":35},"end":{"line":7,"column":1}},"line":5},"1":{"name":"(anonymous_1)","decl":{"start":{"line":9,"column":20},"end":{"line":9,"column":21}},"loc":{"start":{"line":9,"column":33},"end":{"line":11,"column":3}},"line":9},"2":{"name":"(anonymous_2)","decl":{"start":{"line":13,"column":20},"end":{"line":13,"column":21}},"loc":{"start":{"line":13,"column":34},"end":{"line":15,"column":3}},"line":13},"3":{"name":"(anonymous_3)","decl":{"start":{"line":16,"column":18},"end":{"line":16,"column":19}},"loc":{"start":{"line":16,"column":29},"end":{"line":22,"column":3}},"line":16}},"branchMap":{"0":{"loc":{"start":{"line":17,"column":4},"end":{"line":17,"column":77}},"type":"if","locations":[{"start":{"line":17,"column":4},"end":{"line":17,"column":77}},{"start":{},"end":{}}],"line":17},"1":{"loc":{"start":{"line":17,"column":8},"end":{"line":17,"column":63}},"type":"binary-expr","locations":[{"start":{"line":17,"column":8},"end":{"line":17,"column":36}},{"start":{"line":17,"column":40},"end":{"line":17,"column":63}}],"line":17},"2":{"loc":{"start":{"line":18,"column":4},"end":{"line":18,"column":75}},"type":"if","locations":[{"start":{"line":18,"column":4},"end":{"line":18,"column":75}},{"start":{},"end":{}}],"line":18},"3":{"loc":{"start":{"line":18,"column":8},"end":{"line":18,"column":61}},"type":"binary-expr","locations":[{"start":{"line":18,"column":8},"end":{"line":18,"column":33}},{"start":{"line":18,"column":37},"end":{"line":18,"column":61}}],"line":18},"4":{"loc":{"start":{"line":19,"column":4},"end":{"line":19,"column":125}},"type":"if","locations":[{"start":{"line":19,"column":4},"end":{"line":19,"column":125}},{"start":{},"end":{}}],"line":19},"5":{"loc":{"start":{"line":19,"column":8},"end":{"line":19,"column":111}},"type":"binary-expr","locations":[{"start":{"line":19,"column":8},"end":{"line":19,"column":33}},{"start":{"line":19,"column":37},"end":{"line":19,"column":51}},{"start":{"line":19,"column":55},"end":{"line":19,"column":76}},{"start":{"line":19,"column":80},"end":{"line":19,"column":111}}],"line":19}},"s":{"0":4,"1":4,"2":4,"3":2,"4":4,"5":2,"6":4,"7":2,"8":4,"9":6,"10":1,"11":5,"12":1,"13":4,"14":1,"15":3,"16":4},"f":{"0":2,"1":2,"2":2,"3":6},"b":{"0":[1,5],"1":[6,5],"2":[1,4],"3":[5,1],"4":[1,3],"5":[4,2,1,1]},"_coverageSchema":"1a1c01bbd47fc00a2c39e90264f33305004495a9","hash":"baca18eef7c3f6e29d1d244357f8acbb62a0debd"}
}
