TN:
SF:Backend-Integrate/src/controller/cartController.js
FN:6,(anonymous_0)
FN:15,(anonymous_1)
FN:17,(anonymous_2)
FN:28,(anonymous_3)
FN:33,(anonymous_4)
FN:70,(anonymous_5)
FN:87,(anonymous_6)
FN:114,(anonymous_7)
FN:147,(anonymous_8)
FN:149,(anonymous_9)
FN:153,(anonymous_10)
FN:162,(anonymous_11)
FN:166,(anonymous_12)
FN:176,(anonymous_13)
FN:187,(anonymous_14)
FNF:15
FNH:14
FNDA:3,(anonymous_0)
FNDA:2,(anonymous_1)
FNDA:3,(anonymous_2)
FNDA:3,(anonymous_3)
FNDA:2,(anonymous_4)
FNDA:4,(anonymous_5)
FNDA:8,(anonymous_6)
FNDA:1,(anonymous_7)
FNDA:3,(anonymous_8)
FNDA:5,(anonymous_9)
FNDA:1,(anonymous_10)
FNDA:1,(anonymous_11)
FNDA:1,(anonymous_12)
FNDA:1,(anonymous_13)
FNDA:0,(anonymous_14)
DA:1,4
DA:2,4
DA:3,4
DA:4,4
DA:6,4
DA:7,3
DA:8,2
DA:9,1
DA:10,1
DA:12,1
DA:15,4
DA:16,2
DA:17,2
DA:18,3
DA:19,1
DA:20,1
DA:23,2
DA:24,1
DA:28,4
DA:29,3
DA:30,3
DA:33,4
DA:34,2
DA:35,2
DA:36,2
DA:38,2
DA:39,0
DA:42,2
DA:44,2
DA:45,0
DA:48,2
DA:50,2
DA:51,2
DA:54,0
DA:56,0
DA:57,0
DA:58,0
DA:60,0
DA:64,0
DA:66,0
DA:70,4
DA:71,4
DA:72,4
DA:75,4
DA:79,0
DA:83,4
DA:87,4
DA:88,8
DA:89,8
DA:90,8
DA:92,8
DA:93,4
DA:96,4
DA:97,0
DA:100,4
DA:102,4
DA:103,2
DA:106,2
DA:107,1
DA:113,1
DA:114,1
DA:116,1
DA:117,0
DA:123,1
DA:124,1
DA:126,1
DA:127,0
DA:128,0
DA:129,0
DA:132,1
DA:133,1
DA:134,1
DA:137,1
DA:141,0
DA:143,1
DA:147,4
DA:148,3
DA:149,5
DA:153,4
DA:154,1
DA:162,4
DA:163,1
DA:164,1
DA:166,1
DA:167,1
DA:169,1
DA:170,1
DA:172,0
DA:176,1
DA:177,1
DA:178,1
DA:181,1
DA:182,1
DA:184,1
DA:187,4
DA:188,0
DA:189,0
DA:190,0
DA:192,0
DA:194,0
DA:195,0
DA:196,0
DA:200,0
DA:202,0
DA:205,0
DA:209,4
LF:106
LH:79
BRDA:8,0,0,1
BRDA:8,0,1,1
BRDA:18,1,0,1
BRDA:18,1,1,2
BRDA:23,2,0,1
BRDA:23,2,1,1
BRDA:38,3,0,0
BRDA:38,3,1,2
BRDA:44,4,0,0
BRDA:44,4,1,2
BRDA:50,5,0,2
BRDA:50,5,1,0
BRDA:92,6,0,4
BRDA:92,6,1,4
BRDA:96,7,0,0
BRDA:96,7,1,4
BRDA:102,8,0,2
BRDA:102,8,1,2
BRDA:106,9,0,1
BRDA:106,9,1,1
BRDA:116,10,0,0
BRDA:116,10,1,1
BRDA:126,11,0,0
BRDA:126,11,1,1
BRDA:169,12,0,1
BRDA:169,12,1,0
BRDA:194,13,0,0
BRDA:194,13,1,0
BRF:28
BRH:19
end_of_record
TN:
SF:Backend-Integrate/src/controller/orderController.js
FN:8,(anonymous_0)
FN:10,(anonymous_1)
FN:15,(anonymous_2)
FN:74,(anonymous_3)
FN:115,(anonymous_4)
FN:125,(anonymous_5)
FN:145,(anonymous_6)
FN:166,(anonymous_7)
FN:193,(anonymous_8)
FN:213,(anonymous_9)
FN:238,(anonymous_10)
FN:241,(anonymous_11)
FN:244,(anonymous_12)
FN:279,(anonymous_13)
FNF:14
FNH:11
FNDA:5,(anonymous_0)
FNDA:1,(anonymous_1)
FNDA:5,(anonymous_2)
FNDA:0,(anonymous_3)
FNDA:1,(anonymous_4)
FNDA:3,(anonymous_5)
FNDA:2,(anonymous_6)
FNDA:2,(anonymous_7)
FNDA:0,(anonymous_8)
FNDA:1,(anonymous_9)
FNDA:2,(anonymous_10)
FNDA:2,(anonymous_11)
FNDA:5,(anonymous_12)
FNDA:0,(anonymous_13)
DA:1,6
DA:2,6
DA:3,6
DA:4,6
DA:5,6
DA:6,6
DA:7,6
DA:8,6
DA:9,6
DA:10,6
DA:11,1
DA:15,6
DA:16,5
DA:17,5
DA:18,5
DA:20,5
DA:22,5
DA:23,5
DA:26,5
DA:27,5
DA:29,1
DA:30,0
DA:33,1
DA:53,1
DA:55,1
DA:56,1
DA:58,1
DA:60,1
DA:62,1
DA:64,0
DA:66,0
DA:67,0
DA:70,0
DA:71,0
DA:74,0
DA:75,0
DA:76,0
DA:79,0
DA:98,0
DA:99,0
DA:102,0
DA:108,0
DA:111,4
DA:115,6
DA:116,1
DA:117,1
DA:125,6
DA:126,3
DA:127,3
DA:129,3
DA:133,0
DA:134,0
DA:138,0
DA:142,3
DA:145,6
DA:146,2
DA:148,2
DA:149,2
DA:155,1
DA:156,0
DA:160,1
DA:162,1
DA:166,6
DA:167,2
DA:168,2
DA:169,2
DA:170,2
DA:171,1
DA:175,1
DA:176,1
DA:178,0
DA:182,0
DA:183,0
DA:188,0
DA:189,0
DA:193,0
DA:194,0
DA:200,0
DA:206,0
DA:210,0
DA:213,6
DA:214,1
DA:215,1
DA:216,1
DA:217,1
DA:221,0
DA:225,0
DA:226,0
DA:230,0
DA:234,0
DA:238,6
DA:239,2
DA:241,6
DA:242,2
DA:244,6
DA:245,5
DA:246,5
DA:247,5
DA:248,5
DA:250,5
DA:251,5
DA:254,0
DA:256,0
DA:257,0
DA:260,0
DA:261,0
DA:264,0
DA:265,0
DA:268,0
DA:270,0
DA:271,0
DA:274,0
DA:275,0
DA:278,0
DA:279,0
DA:280,0
DA:281,0
DA:282,0
DA:286,0
DA:287,0
DA:289,0
DA:295,0
DA:301,0
DA:302,0
DA:305,0
DA:311,0
DA:313,0
DA:319,6
LF:128
LH:69
BRDA:22,0,0,5
BRDA:22,0,1,0
BRDA:22,1,0,5
BRDA:22,1,1,5
BRDA:26,2,0,5
BRDA:26,2,1,0
BRDA:29,3,0,0
BRDA:29,3,1,1
BRDA:66,4,0,0
BRDA:66,4,1,0
BRDA:70,5,0,0
BRDA:70,5,1,0
BRDA:75,6,0,0
BRDA:75,6,1,0
BRDA:133,7,0,0
BRDA:133,7,1,0
BRDA:155,8,0,0
BRDA:155,8,1,1
BRDA:170,9,0,1
BRDA:170,9,1,1
BRDA:175,10,0,1
BRDA:175,10,1,0
BRDA:182,11,0,0
BRDA:182,11,1,0
BRDA:188,12,0,0
BRDA:188,12,1,0
BRDA:216,13,0,1
BRDA:216,13,1,0
BRDA:225,14,0,0
BRDA:225,14,1,0
BRDA:250,15,0,5
BRDA:250,15,1,0
BRDA:250,16,0,5
BRDA:250,16,1,5
BRDA:256,17,0,0
BRDA:256,17,1,0
BRDA:260,18,0,0
BRDA:260,18,1,0
BRDA:264,19,0,0
BRDA:264,19,1,0
BRDA:270,20,0,0
BRDA:270,20,1,0
BRDA:274,21,0,0
BRDA:274,21,1,0
BRDA:280,22,0,0
BRDA:280,22,1,0
BRDA:301,23,0,0
BRDA:301,23,1,0
BRF:48
BRH:13
end_of_record
TN:
SF:Backend-Integrate/src/controller/productController.js
FN:4,(anonymous_0)
FN:25,(anonymous_1)
FN:34,(anonymous_2)
FN:43,(anonymous_3)
FN:53,(anonymous_4)
FN:81,(anonymous_5)
FN:101,(anonymous_6)
FN:108,(anonymous_7)
FNF:8
FNH:8
FNDA:5,(anonymous_0)
FNDA:2,(anonymous_1)
FNDA:2,(anonymous_2)
FNDA:2,(anonymous_3)
FNDA:2,(anonymous_4)
FNDA:2,(anonymous_5)
FNDA:1,(anonymous_6)
FNDA:1,(anonymous_7)
DA:1,6
DA:2,6
DA:4,6
DA:5,5
DA:7,5
DA:9,5
DA:10,1
DA:12,4
DA:14,4
DA:15,1
DA:17,3
DA:18,1
DA:21,2
DA:25,6
DA:26,2
DA:27,2
DA:28,1
DA:30,1
DA:34,6
DA:35,2
DA:36,2
DA:37,1
DA:39,1
DA:43,6
DA:44,2
DA:45,2
DA:46,2
DA:47,1
DA:49,1
DA:53,6
DA:54,2
DA:55,2
DA:57,2
DA:58,1
DA:64,1
DA:72,1
DA:74,1
DA:78,6
DA:79,6
DA:81,6
DA:83,2
DA:85,2
DA:87,2
DA:89,2
DA:90,2
DA:92,2
DA:93,2
DA:94,2
DA:95,2
DA:98,2
DA:101,6
DA:102,1
DA:103,1
DA:105,0
DA:108,6
DA:109,1
DA:110,1
DA:111,1
DA:113,1
DA:118,0
DA:120,0
DA:129,1
DA:133,6
LF:63
LH:60
BRDA:9,0,0,1
BRDA:9,0,1,4
BRDA:9,1,0,5
BRDA:9,1,1,4
BRDA:14,2,0,1
BRDA:14,2,1,3
BRDA:57,3,0,1
BRDA:57,3,1,1
BRDA:83,4,0,0
BRDA:83,5,0,0
BRDA:83,6,0,0
BRDA:83,7,0,0
BRDA:83,8,0,0
BRDA:83,9,0,0
BRDA:85,10,0,0
BRDA:85,10,1,2
BRDA:89,11,0,2
BRDA:89,11,1,0
BRDA:90,12,0,2
BRDA:90,12,1,0
BRDA:93,13,0,2
BRDA:93,13,1,0
BRDA:102,14,0,1
BRDA:102,14,1,0
BRF:24
BRH:13
end_of_record
TN:
SF:Backend-Integrate/src/controller/stripeController.js
FN:8,(anonymous_0)
FN:17,(anonymous_1)
FN:20,(anonymous_2)
FN:36,(anonymous_3)
FN:39,(anonymous_4)
FN:45,(anonymous_5)
FN:80,(anonymous_6)
FN:101,(anonymous_7)
FNF:8
FNH:5
FNDA:9,(anonymous_0)
FNDA:0,(anonymous_1)
FNDA:0,(anonymous_2)
FNDA:1,(anonymous_3)
FNDA:2,(anonymous_4)
FNDA:2,(anonymous_5)
FNDA:1,(anonymous_6)
FNDA:0,(anonymous_7)
DA:1,2
DA:2,2
DA:3,2
DA:4,2
DA:6,2
DA:8,2
DA:9,9
DA:15,9
DA:17,2
DA:18,0
DA:20,0
DA:36,2
DA:37,1
DA:38,1
DA:39,2
DA:42,1
DA:45,2
DA:46,2
DA:47,2
DA:48,2
DA:50,2
DA:51,0
DA:54,2
DA:58,2
DA:59,0
DA:64,2
DA:69,2
DA:70,0
DA:71,0
DA:72,0
DA:74,2
DA:77,0
DA:80,2
DA:81,1
DA:82,1
DA:84,1
DA:85,0
DA:87,0
DA:88,0
DA:91,0
DA:93,0
DA:96,0
DA:98,0
DA:100,0
DA:101,0
DA:102,0
DA:109,0
DA:112,0
DA:113,0
DA:115,0
DA:117,0
DA:120,1
DA:124,2
LF:53
LH:30
BRDA:15,0,0,9
BRDA:15,0,1,2
BRDA:48,1,0,2
BRDA:48,1,1,0
BRDA:50,2,0,0
BRDA:50,2,1,2
BRDA:58,3,0,0
BRDA:58,3,1,2
BRDA:69,4,0,0
BRDA:69,4,1,2
BRDA:87,5,0,0
BRDA:87,5,1,0
BRDA:98,6,0,0
BRDA:98,6,1,0
BRDA:100,7,0,0
BRDA:100,7,1,0
BRF:16
BRH:6
end_of_record
TN:
SF:Backend-Integrate/src/controller/userController.js
FN:10,(anonymous_0)
FN:60,(anonymous_1)
FN:63,(anonymous_2)
FN:106,(anonymous_3)
FN:131,(anonymous_4)
FN:157,(anonymous_5)
FN:198,(anonymous_6)
FN:235,(anonymous_7)
FN:242,(anonymous_8)
FNF:9
FNH:5
FNDA:2,(anonymous_0)
FNDA:0,(anonymous_1)
FNDA:2,(anonymous_2)
FNDA:0,(anonymous_3)
FNDA:0,(anonymous_4)
FNDA:1,(anonymous_5)
FNDA:0,(anonymous_6)
FNDA:3,(anonymous_7)
FNDA:2,(anonymous_8)
DA:1,8
DA:2,8
DA:3,8
DA:4,8
DA:5,8
DA:6,8
DA:10,8
DA:11,2
DA:12,2
DA:15,2
DA:16,1
DA:19,1
DA:21,1
DA:22,0
DA:26,1
DA:27,1
DA:28,0
DA:31,1
DA:33,1
DA:41,1
DA:46,1
DA:48,1
DA:54,0
DA:60,8
DA:61,0
DA:63,8
DA:65,2
DA:66,2
DA:67,2
DA:69,2
DA:70,1
DA:73,1
DA:74,0
DA:76,1
DA:77,0
DA:79,1
DA:80,1
DA:81,1
DA:85,0
DA:86,0
DA:87,0
DA:91,0
DA:94,0
DA:99,0
DA:104,0
DA:105,0
DA:106,0
DA:107,0
DA:108,0
DA:112,0
DA:118,0
DA:121,0
DA:122,0
DA:126,0
DA:131,8
DA:132,0
DA:133,0
DA:134,0
DA:135,0
DA:139,0
DA:144,0
DA:147,0
DA:149,0
DA:152,0
DA:157,8
DA:158,1
DA:159,1
DA:160,1
DA:161,1
DA:162,1
DA:166,0
DA:167,0
DA:169,0
DA:179,0
DA:181,0
DA:188,0
DA:193,0
DA:198,8
DA:199,0
DA:200,0
DA:201,0
DA:202,0
DA:203,0
DA:207,0
DA:208,0
DA:212,0
DA:213,0
DA:214,0
DA:215,0
DA:220,0
DA:227,0
DA:230,0
DA:235,8
DA:236,3
DA:237,3
DA:238,3
DA:239,3
DA:241,3
DA:242,2
DA:244,2
DA:250,2
DA:254,1
DA:258,8
LF:103
LH:51
BRDA:15,0,0,1
BRDA:15,0,1,1
BRDA:15,1,0,2
BRDA:15,1,1,1
BRDA:15,1,2,1
BRDA:15,1,3,1
BRDA:15,1,4,1
BRDA:15,1,5,1
BRDA:21,2,0,0
BRDA:21,2,1,1
BRDA:27,3,0,0
BRDA:27,3,1,1
BRDA:69,4,0,1
BRDA:69,4,1,1
BRDA:69,5,0,2
BRDA:69,5,1,1
BRDA:73,6,0,0
BRDA:73,6,1,1
BRDA:76,7,0,0
BRDA:76,7,1,1
BRDA:80,8,0,1
BRDA:80,8,1,0
BRDA:86,9,0,0
BRDA:86,9,1,0
BRDA:104,10,0,0
BRDA:104,10,1,0
BRDA:105,11,0,0
BRDA:105,11,1,0
BRDA:107,12,0,0
BRDA:107,12,1,0
BRDA:134,13,0,0
BRDA:134,13,1,0
BRDA:161,14,0,1
BRDA:161,14,1,0
BRDA:166,15,0,0
BRDA:166,15,1,0
BRDA:202,16,0,0
BRDA:202,16,1,0
BRDA:207,17,0,0
BRDA:207,17,1,0
BRDA:212,18,0,0
BRDA:212,18,1,0
BRF:42
BRH:18
end_of_record
TN:
SF:Backend-Integrate/src/controller/wishlistController.js
FN:9,(anonymous_0)
FN:28,(anonymous_1)
FN:44,(anonymous_2)
FN:56,(anonymous_3)
FN:62,(anonymous_4)
FN:79,(anonymous_5)
FN:112,(anonymous_6)
FNF:7
FNH:5
FNDA:2,(anonymous_0)
FNDA:1,(anonymous_1)
FNDA:1,(anonymous_2)
FNDA:1,(anonymous_3)
FNDA:0,(anonymous_4)
FNDA:1,(anonymous_5)
FNDA:0,(anonymous_6)
DA:1,4
DA:2,4
DA:3,4
DA:5,4
DA:6,4
DA:7,4
DA:9,4
DA:10,2
DA:11,2
DA:12,2
DA:13,2
DA:14,2
DA:15,0
DA:17,2
DA:18,2
DA:19,0
DA:22,2
DA:23,2
DA:24,1
DA:25,1
DA:27,1
DA:28,1
DA:29,1
DA:30,1
DA:32,0
DA:33,0
DA:35,0
DA:38,0
DA:44,4
DA:45,1
DA:46,1
DA:48,1
DA:50,0
DA:52,1
DA:56,4
DA:57,1
DA:58,1
DA:59,1
DA:60,1
DA:61,0
DA:62,0
DA:65,0
DA:72,0
DA:74,1
DA:79,4
DA:80,1
DA:81,1
DA:84,1
DA:85,1
DA:86,1
DA:89,0
DA:90,0
DA:91,0
DA:94,0
DA:95,0
DA:96,0
DA:97,0
DA:98,0
DA:99,0
DA:100,0
DA:102,0
DA:109,0
DA:110,0
DA:111,0
DA:112,0
DA:114,0
DA:115,0
DA:117,0
DA:119,0
DA:120,0
DA:125,0
DA:132,0
DA:134,0
DA:136,0
DA:140,4
LF:75
LH:40
BRDA:14,0,0,0
BRDA:14,0,1,2
BRDA:18,1,0,0
BRDA:18,1,1,2
BRDA:23,2,0,1
BRDA:23,2,1,1
BRDA:29,3,0,1
BRDA:29,3,1,0
BRDA:85,4,0,1
BRDA:85,4,1,0
BRDA:90,5,0,0
BRDA:90,5,1,0
BRDA:96,6,0,0
BRDA:96,6,1,0
BRDA:111,7,0,0
BRDA:111,7,1,0
BRDA:114,8,0,0
BRDA:114,8,1,0
BRF:18
BRH:6
end_of_record
TN:
SF:Backend-Integrate/src/middleware/auth.js
FN:3,(anonymous_0)
FNF:1
FNH:1
FNDA:3,(anonymous_0)
DA:1,1
DA:3,1
DA:4,3
DA:5,3
DA:6,3
DA:7,1
DA:9,2
DA:10,1
DA:11,1
DA:12,1
DA:15,1
DA:19,1
LF:12
LH:12
BRDA:6,0,0,1
BRDA:6,0,1,2
BRF:2
BRH:2
end_of_record
TN:
SF:Backend-Integrate/src/model/cartModel.js
FNF:0
FNH:0
DA:1,13
DA:2,13
DA:3,13
DA:21,13
LF:4
LH:4
BRF:0
BRH:0
end_of_record
TN:
SF:Backend-Integrate/src/model/orderModel.js
FNF:0
FNH:0
DA:2,8
DA:3,8
DA:5,8
DA:99,8
LF:4
LH:4
BRF:0
BRH:0
end_of_record
TN:
SF:Backend-Integrate/src/model/productModel.js
FNF:0
FNH:0
DA:1,16
DA:3,16
DA:36,16
LF:3
LH:3
BRF:0
BRH:0
end_of_record
TN:
SF:Backend-Integrate/src/model/userModel.js
FNF:0
FNH:0
DA:1,18
DA:3,18
DA:38,18
LF:3
LH:3
BRF:0
BRH:0
end_of_record
TN:
SF:Backend-Integrate/src/model/wishlistModel.js
FNF:0
FNH:0
DA:1,1
DA:2,1
DA:4,1
DA:23,1
LF:4
LH:4
BRF:0
BRH:0
end_of_record
TN:
SF:Backend-Integrate/src/validators/schemaValidation.js
FNF:0
FNH:0
DA:1,13
DA:3,13
DA:11,13
DA:21,13
DA:33,13
LF:5
LH:5
BRF:0
BRH:0
end_of_record
TN:
SF:Backend-Integrate/src/validators/sendMail.js
FN:5,(anonymous_0)
FN:27,(anonymous_1)
FNF:2
FNH:1
FNDA:1,(anonymous_0)
FNDA:0,(anonymous_1)
DA:2,9
DA:5,9
DA:6,1
DA:7,1
DA:17,1
DA:27,1
DA:28,0
DA:29,0
DA:32,0
DA:33,0
DA:38,1
DA:43,9
LF:12
LH:8
BRDA:28,0,0,0
BRDA:28,0,1,0
BRF:2
BRH:0
end_of_record
TN:
SF:Backend-Integrate/src/validators/sendOrderSummaryMail.js
FN:3,(anonymous_0)
FN:62,(anonymous_1)
FNF:2
FNH:2
FNDA:2,(anonymous_0)
FNDA:4,(anonymous_1)
DA:1,3
DA:3,3
DA:4,2
DA:5,2
DA:14,2
DA:62,4
DA:89,1
DA:90,1
DA:93,1
DA:96,3
LF:10
LH:10
BRDA:89,0,0,1
BRDA:89,0,1,0
BRF:2
BRH:1
end_of_record
TN:
SF:Backend-Integrate/src/validators/validator.js
FN:5,(anonymous_0)
FN:9,(anonymous_1)
FN:13,(anonymous_2)
FN:16,(anonymous_3)
FNF:4
FNH:4
FNDA:2,(anonymous_0)
FNDA:2,(anonymous_1)
FNDA:2,(anonymous_2)
FNDA:6,(anonymous_3)
DA:1,4
DA:2,4
DA:5,4
DA:6,2
DA:9,4
DA:10,2
DA:13,4
DA:14,2
DA:16,4
DA:17,6
DA:18,5
DA:19,4
DA:21,3
DA:25,4
LF:14
LH:14
BRDA:17,0,0,1
BRDA:17,0,1,5
BRDA:17,1,0,6
BRDA:17,1,1,5
BRDA:18,2,0,1
BRDA:18,2,1,4
BRDA:18,3,0,5
BRDA:18,3,1,1
BRDA:19,4,0,1
BRDA:19,4,1,3
BRDA:19,5,0,4
BRDA:19,5,1,2
BRDA:19,5,2,1
BRDA:19,5,3,1
BRF:14
BRH:14
end_of_record
